FUSE library version: 2.9.9
unique: 2, opcode: INIT (26), nodeid: 0, insize: 56, pid: 0
INIT: 7.31
flags=0x03fffffb
max_readahead=0x00020000
   INIT: 7.19
   flags=0x00000000
   max_readahead=0x00020000
   max_write=0x00020000
   max_background=0
   congestion_threshold=0
   unique: 2, success, outsize: 40
unique: 4, opcode: OPENDIR (27), nodeid: 1, insize: 48, pid: 753
   unique: 4, success, outsize: 32
unique: 6, opcode: GETATTR (3), nodeid: 1, insize: 56, pid: 753
isfile: 1 is a dir
getattr 0000000000000001 0
isfile: 1 is a dir
isdir: 1 is a dir
getdir 0000000000000001
   getattr -> 1634892498 1634892498 1634892498
   unique: 6, success, outsize: 120
unique: 8, opcode: READDIR (28), nodeid: 1, insize: 80, pid: 753
fuseserver_readdir
isdir: 1 is a dir
   unique: 8, success, outsize: 16
unique: 10, opcode: RELEASEDIR (29), nodeid: 1, insize: 64, pid: 0
   unique: 10, success, outsize: 16
unique: 12, opcode: LOOKUP (1), nodeid: 1, insize: 42, pid: 754
isdir: 1 is a dir
   unique: 12, error: -2 (No such file or directory), outsize: 16
unique: 14, opcode: LOOKUP (1), nodeid: 1, insize: 42, pid: 754
isdir: 1 is a dir
   unique: 14, error: -2 (No such file or directory), outsize: 16
unique: 16, opcode: GETATTR (3), nodeid: 1, insize: 56, pid: 753
isfile: 1 is a dir
getattr 0000000000000001 0
isfile: 1 is a dir
isdir: 1 is a dir
getdir 0000000000000001
   getattr -> 1634892498 1634892498 1634892498
   unique: 16, success, outsize: 120
unique: 18, opcode: ACCESS (34), nodeid: 1, insize: 48, pid: 753
   unique: 18, error: -38 (Function not implemented), outsize: 16
unique: 20, opcode: GETATTR (3), nodeid: 1, insize: 56, pid: 753
isfile: 1 is a dir
getattr 0000000000000001 0
isfile: 1 is a dir
isdir: 1 is a dir
getdir 0000000000000001
   getattr -> 1634892498 1634892498 1634892498
   unique: 20, success, outsize: 120
unique: 22, opcode: GETATTR (3), nodeid: 1, insize: 56, pid: 755
isfile: 1 is a dir
getattr 0000000000000001 0
isfile: 1 is a dir
isdir: 1 is a dir
getdir 0000000000000001
   getattr -> 1634892498 1634892498 1634892498
   unique: 22, success, outsize: 120
unique: 24, opcode: GETATTR (3), nodeid: 1, insize: 56, pid: 769
isfile: 1 is a dir
getattr 0000000000000001 0
isfile: 1 is a dir
isdir: 1 is a dir
getdir 0000000000000001
   getattr -> 1634892498 1634892498 1634892498
   unique: 24, success, outsize: 120
unique: 26, opcode: GETATTR (3), nodeid: 1, insize: 56, pid: 770
isfile: 1 is a dir
getattr 0000000000000001 0
isfile: 1 is a dir
isdir: 1 is a dir
getdir 0000000000000001
   getattr -> 1634892498 1634892498 1634892498
   unique: 26, success, outsize: 120
unique: 28, opcode: GETATTR (3), nodeid: 1, insize: 56, pid: 771
isfile: 1 is a dir
getattr 0000000000000001 0
isfile: 1 is a dir
isdir: 1 is a dir
getdir 0000000000000001
   getattr -> 1634892498 1634892498 1634892498
   unique: 28, success, outsize: 120
unique: 30, opcode: GETATTR (3), nodeid: 1, insize: 56, pid: 772
isfile: 1 is a dir
getattr 0000000000000001 0
isfile: 1 is a dir
isdir: 1 is a dir
getdir 0000000000000001
   getattr -> 1634892498 1634892498 1634892498
   unique: 30, success, outsize: 120
unique: 32, opcode: LOOKUP (1), nodeid: 1, insize: 47, pid: 774
isdir: 1 is a dir
   unique: 32, error: -2 (No such file or directory), outsize: 16
unique: 34, opcode: CREATE (35), nodeid: 1, insize: 63, pid: 774
isdir: 1 is a dir
isfile: 2 is a file
getattr 0000000000000002 1
isfile: 2 is a file
getfile 0000000000000002
getfile 0000000000000002 -> sz 0
   getattr -> 0
   unique: 34, success, outsize: 160
OK: create returns.
unique: 36, opcode: LOOKUP (1), nodeid: 1, insize: 47, pid: 775
isdir: 1 is a dir
   unique: 36, error: -2 (No such file or directory), outsize: 16
unique: 38, opcode: GETXATTR (22), nodeid: 2, insize: 68, pid: 774
   unique: 38, error: -38 (Function not implemented), outsize: 16
unique: 40, opcode: CREATE (35), nodeid: 1, insize: 63, pid: 775
isdir: 1 is a dir
isfile: 3 is a file
getattr 0000000000000003 1
isfile: 3 is a file
getfile 0000000000000003
getfile 0000000000000003 -> sz 0
   getattr -> 0
   unique: 40, success, outsize: 160
OK: create returns.
unique: 42, opcode: WRITE (16), nodeid: 2, insize: 2631, pid: 774
write herebyteswritten:94459480030487
2551
0
   unique: 42, success, outsize: 24
write doneunique: 44, opcode: LOOKUP (1), nodeid: 1, insize: 47, pid: 773
isdir: 1 is a dir
   unique: 44, error: -2 (No such file or directory), outsize: 16
unique: 46, opcode: WRITE (16), nodeid: 3, insize: 4176, pid: 775
write herebyteswritten:94459480032032
4096
0
   unique: 46, success, outsize: 24
write doneunique: 48, opcode: FLUSH (25), nodeid: 2, insize: 64, pid: 774
   unique: 48, error: -38 (Function not implemented), outsize: 16
unique: 50, opcode: CREATE (35), nodeid: 1, insize: 63, pid: 773
isdir: 1 is a dir
isfile: 4 is a file
getattr 0000000000000004 1
isfile: 4 is a file
getfile 0000000000000004
getfile 0000000000000004 -> sz 0
   getattr -> 0
   unique: 50, success, outsize: 160
OK: create returns.
unique: 52, opcode: WRITE (16), nodeid: 3, insize: 2339, pid: 775
write herebyteswritten:94459480030195
2259
4096
   unique: 52, success, outsize: 24
write doneunique: 54, opcode: RELEASE (18), nodeid: 2, insize: 64, pid: 0
   unique: 54, success, outsize: 16
unique: 56, opcode: LOOKUP (1), nodeid: 1, insize: 47, pid: 780
isdir: 1 is a dir
   unique: 56, error: -2 (No such file or directory), outsize: 16
unique: 58, opcode: WRITE (16), nodeid: 4, insize: 4176, pid: 773
write herebyteswritten:94459480032032
4096
0
   unique: 58, success, outsize: 24
write doneunique: 60, opcode: RELEASE (18), nodeid: 3, insize: 64, pid: 0
   unique: 60, success, outsize: 16
unique: 62, opcode: CREATE (35), nodeid: 1, insize: 63, pid: 780
isdir: 1 is a dir
isfile: 5 is a file
getattr 0000000000000005 1
isfile: 5 is a file
getfile 0000000000000005
getfile 0000000000000005 -> sz 0
   getattr -> 0
   unique: 62, success, outsize: 160
OK: create returns.
unique: 64, opcode: WRITE (16), nodeid: 4, insize: 4176, pid: 773
write herebyteswritten:94459480032032
4096
4096
   unique: 64, success, outsize: 24
write doneunique: 66, opcode: LOOKUP (1), nodeid: 1, insize: 47, pid: 774
isdir: 1 is a dir
   unique: 66, error: -2 (No such file or directory), outsize: 16
unique: 68, opcode: WRITE (16), nodeid: 5, insize: 4176, pid: 780
write herebyteswritten:94459480032032
4096
0
   unique: 68, success, outsize: 24
write doneunique: 70, opcode: WRITE (16), nodeid: 4, insize: 3981, pid: 773
write herebyteswritten:94459480031837
3901
8192
   unique: 70, success, outsize: 24
write doneunique: 72, opcode: CREATE (35), nodeid: 1, insize: 63, pid: 774
isdir: 1 is a dir
isfile: 6 is a file
getattr 0000000000000006 1
isfile: 6 is a file
getfile 0000000000000006
getfile 0000000000000006 -> sz 0
   getattr -> 0
   unique: 72, success, outsize: 160
OK: create returns.
unique: 74, opcode: WRITE (16), nodeid: 5, insize: 4176, pid: 780
write herebyteswritten:94459480032032
4096
4096
   unique: 74, success, outsize: 24
write doneunique: 76, opcode: RELEASE (18), nodeid: 4, insize: 64, pid: 0
   unique: 76, success, outsize: 16
unique: 78, opcode: LOOKUP (1), nodeid: 1, insize: 47, pid: 775
isdir: 1 is a dir
   unique: 78, error: -2 (No such file or directory), outsize: 16
unique: 80, opcode: WRITE (16), nodeid: 6, insize: 3060, pid: 774
write herebyteswritten:94459480030916
2980
0
   unique: 80, success, outsize: 24
write doneunique: 82, opcode: WRITE (16), nodeid: 5, insize: 4176, pid: 780
write herebyteswritten:94459480032032
4096
8192
   unique: 82, success, outsize: 24
write doneunique: 84, opcode: CREATE (35), nodeid: 1, insize: 63, pid: 775
isdir: 1 is a dir
isfile: 7 is a file
getattr 0000000000000007 1
isfile: 7 is a file
getfile 0000000000000007
getfile 0000000000000007 -> sz 0
   getattr -> 0
   unique: 84, success, outsize: 160
OK: create returns.
unique: 86, opcode: RELEASE (18), nodeid: 6, insize: 64, pid: 0
   unique: 86, success, outsize: 16
unique: 88, opcode: WRITE (16), nodeid: 5, insize: 4176, pid: 780
write herebyteswritten:94459480032032
4096
12288
   unique: 88, success, outsize: 24
write doneunique: 90, opcode: LOOKUP (1), nodeid: 1, insize: 47, pid: 773
isdir: 1 is a dir
   unique: 90, error: -2 (No such file or directory), outsize: 16
unique: 92, opcode: WRITE (16), nodeid: 7, insize: 4176, pid: 775
write herebyteswritten:94459480032032
4096
0
   unique: 92, success, outsize: 24
write doneunique: 94, opcode: WRITE (16), nodeid: 5, insize: 1626, pid: 780
write herebyteswritten:94459480029482
1546
16384
   unique: 94, success, outsize: 24
write doneunique: 96, opcode: CREATE (35), nodeid: 1, insize: 63, pid: 773
isdir: 1 is a dir
isfile: 8 is a file
getattr 0000000000000008 1
isfile: 8 is a file
getfile 0000000000000008
getfile 0000000000000008 -> sz 0
   getattr -> 0
   unique: 96, success, outsize: 160
OK: create returns.
unique: 98, opcode: WRITE (16), nodeid: 7, insize: 4176, pid: 775
write herebyteswritten:94459480032032
4096
4096
   unique: 98, success, outsize: 24
write doneunique: 100, opcode: RELEASE (18), nodeid: 5, insize: 64, pid: 0
   unique: 100, success, outsize: 16
unique: 102, opcode: LOOKUP (1), nodeid: 1, insize: 47, pid: 774
isdir: 1 is a dir
   unique: 102, error: -2 (No such file or directory), outsize: 16
unique: 104, opcode: WRITE (16), nodeid: 8, insize: 4176, pid: 773
write herebyteswritten:94459480032032
4096
0
   unique: 104, success, outsize: 24
write doneunique: 106, opcode: WRITE (16), nodeid: 7, insize: 510, pid: 775
write herebyteswritten:94459480028366
430
8192
   unique: 106, success, outsize: 24
write doneunique: 108, opcode: CREATE (35), nodeid: 1, insize: 63, pid: 774
isdir: 1 is a dir
isfile: 9 is a file
getattr 0000000000000009 1
isfile: 9 is a file
getfile 0000000000000009
getfile 0000000000000009 -> sz 0
   getattr -> 0
   unique: 108, success, outsize: 160
OK: create returns.
unique: 110, opcode: WRITE (16), nodeid: 8, insize: 4176, pid: 773
write herebyteswritten:94459480032032
4096
4096
   unique: 110, success, outsize: 24
write doneunique: 112, opcode: RELEASE (18), nodeid: 7, insize: 64, pid: 0
   unique: 112, success, outsize: 16
unique: 114, opcode: LOOKUP (1), nodeid: 1, insize: 47, pid: 780
isdir: 1 is a dir
   unique: 114, error: -2 (No such file or directory), outsize: 16
unique: 116, opcode: WRITE (16), nodeid: 9, insize: 1641, pid: 774
write herebyteswritten:94459480029497
1561
0
   unique: 116, success, outsize: 24
write doneunique: 118, opcode: WRITE (16), nodeid: 8, insize: 3222, pid: 773
write herebyteswritten:94459480031078
3142
8192
   unique: 118, success, outsize: 24
write doneunique: 120, opcode: CREATE (35), nodeid: 1, insize: 63, pid: 780
isdir: 1 is a dir
isfile: 10 is a file
getattr 000000000000000a 1
isfile: 10 is a file
getfile 000000000000000a
getfile 000000000000000a -> sz 0
   getattr -> 0
   unique: 120, success, outsize: 160
OK: create returns.
unique: 122, opcode: RELEASE (18), nodeid: 9, insize: 64, pid: 0
   unique: 122, success, outsize: 16
unique: 124, opcode: RELEASE (18), nodeid: 8, insize: 64, pid: 0
   unique: 124, success, outsize: 16
unique: 126, opcode: LOOKUP (1), nodeid: 1, insize: 47, pid: 775
isdir: 1 is a dir
   unique: 126, error: -2 (No such file or directory), outsize: 16
unique: 128, opcode: WRITE (16), nodeid: 10, insize: 4176, pid: 780
write herebyteswritten:94459480032032
4096
0
   unique: 128, success, outsize: 24
write doneunique: 130, opcode: CREATE (35), nodeid: 1, insize: 63, pid: 775
isdir: 1 is a dir
isfile: 11 is a file
getattr 000000000000000b 1
isfile: 11 is a file
getfile 000000000000000b
getfile 000000000000000b -> sz 0
   getattr -> 0
   unique: 130, success, outsize: 160
OK: create returns.
unique: 132, opcode: WRITE (16), nodeid: 10, insize: 4176, pid: 780
write herebyteswritten:94459480032032
4096
4096
   unique: 132, success, outsize: 24
write doneunique: 134, opcode: LOOKUP (1), nodeid: 1, insize: 47, pid: 774
isdir: 1 is a dir
   unique: 134, error: -2 (No such file or directory), outsize: 16
unique: 136, opcode: WRITE (16), nodeid: 11, insize: 3589, pid: 775
write herebyteswritten:94459480031445
3509
0
   unique: 136, success, outsize: 24
write doneunique: 138, opcode: WRITE (16), nodeid: 10, insize: 2803, pid: 780
write herebyteswritten:94459480030659
2723
8192
   unique: 138, success, outsize: 24
write doneunique: 140, opcode: CREATE (35), nodeid: 1, insize: 63, pid: 774
isdir: 1 is a dir
isfile: 12 is a file
getattr 000000000000000c 1
isfile: 12 is a file
getfile 000000000000000c
getfile 000000000000000c -> sz 0
   getattr -> 0
   unique: 140, success, outsize: 160
OK: create returns.
unique: 142, opcode: RELEASE (18), nodeid: 11, insize: 64, pid: 0
   unique: 142, success, outsize: 16
unique: 144, opcode: RELEASE (18), nodeid: 10, insize: 64, pid: 0
   unique: 144, success, outsize: 16
unique: 146, opcode: LOOKUP (1), nodeid: 1, insize: 47, pid: 773
isdir: 1 is a dir
   unique: 146, error: -2 (No such file or directory), outsize: 16
unique: 148, opcode: WRITE (16), nodeid: 12, insize: 2174, pid: 774
write herebyteswritten:94459480030030
2094
0
   unique: 148, success, outsize: 24
write doneunique: 150, opcode: CREATE (35), nodeid: 1, insize: 63, pid: 773
isdir: 1 is a dir
isfile: 13 is a file
getattr 000000000000000d 1
isfile: 13 is a file
getfile 000000000000000d
getfile 000000000000000d -> sz 0
   getattr -> 0
   unique: 150, success, outsize: 160
OK: create returns.
unique: 152, opcode: RELEASE (18), nodeid: 12, insize: 64, pid: 0
   unique: 152, success, outsize: 16
unique: 154, opcode: LOOKUP (1), nodeid: 1, insize: 47, pid: 775
isdir: 1 is a dir
   unique: 154, error: -2 (No such file or directory), outsize: 16
unique: 156, opcode: WRITE (16), nodeid: 13, insize: 4176, pid: 773
write herebyteswritten:94459480032032
4096
0
   unique: 156, success, outsize: 24
write doneunique: 158, opcode: CREATE (35), nodeid: 1, insize: 63, pid: 775
isdir: 1 is a dir
isfile: 14 is a file
getattr 000000000000000e 1
isfile: 14 is a file
getfile 000000000000000e
getfile 000000000000000e -> sz 0
   getattr -> 0
   unique: 158, success, outsize: 160
OK: create returns.
unique: 160, opcode: WRITE (16), nodeid: 13, insize: 1124, pid: 773
write herebyteswritten:94459480028980
1044
4096
   unique: 160, success, outsize: 24
write doneunique: 162, opcode: LOOKUP (1), nodeid: 1, insize: 47, pid: 780
isdir: 1 is a dir
   unique: 162, error: -2 (No such file or directory), outsize: 16
unique: 164, opcode: WRITE (16), nodeid: 14, insize: 4176, pid: 775
write herebyteswritten:94459480032032
4096
0
   unique: 164, success, outsize: 24
write doneunique: 166, opcode: RELEASE (18), nodeid: 13, insize: 64, pid: 0
   unique: 166, success, outsize: 16
unique: 168, opcode: CREATE (35), nodeid: 1, insize: 63, pid: 780
isdir: 1 is a dir
isfile: 15 is a file
getattr 000000000000000f 1
isfile: 15 is a file
getfile 000000000000000f
getfile 000000000000000f -> sz 0
   getattr -> 0
   unique: 168, success, outsize: 160
OK: create returns.
unique: 170, opcode: WRITE (16), nodeid: 14, insize: 2083, pid: 775
write herebyteswritten:94459480029939
2003
4096
   unique: 170, success, outsize: 24
write doneunique: 172, opcode: LOOKUP (1), nodeid: 1, insize: 47, pid: 774
isdir: 1 is a dir
   unique: 172, error: -2 (No such file or directory), outsize: 16
unique: 174, opcode: WRITE (16), nodeid: 15, insize: 4176, pid: 780
write herebyteswritten:94459480032032
4096
0
   unique: 174, success, outsize: 24
write doneunique: 176, opcode: RELEASE (18), nodeid: 14, insize: 64, pid: 0
   unique: 176, success, outsize: 16
unique: 178, opcode: CREATE (35), nodeid: 1, insize: 63, pid: 774
isdir: 1 is a dir
isfile: 16 is a file
getattr 0000000000000010 1
isfile: 16 is a file
getfile 0000000000000010
getfile 0000000000000010 -> sz 0
   getattr -> 0
   unique: 178, success, outsize: 160
OK: create returns.
unique: 180, opcode: WRITE (16), nodeid: 15, insize: 3524, pid: 780
write herebyteswritten:94459480031380
3444
4096
   unique: 180, success, outsize: 24
write doneunique: 182, opcode: LOOKUP (1), nodeid: 1, insize: 47, pid: 773
isdir: 1 is a dir
   unique: 182, error: -2 (No such file or directory), outsize: 16
unique: 184, opcode: WRITE (16), nodeid: 16, insize: 4176, pid: 774
write herebyteswritten:94459480032032
4096
0
   unique: 184, success, outsize: 24
write doneunique: 186, opcode: RELEASE (18), nodeid: 15, insize: 64, pid: 0
   unique: 186, success, outsize: 16
unique: 188, opcode: CREATE (35), nodeid: 1, insize: 63, pid: 773
isdir: 1 is a dir
isfile: 17 is a file
getattr 0000000000000011 1
isfile: 17 is a file
getfile 0000000000000011
getfile 0000000000000011 -> sz 0
   getattr -> 0
   unique: 188, success, outsize: 160
OK: create returns.
unique: 190, opcode: WRITE (16), nodeid: 16, insize: 3583, pid: 774
write herebyteswritten:94459480031439
3503
4096
   unique: 190, success, outsize: 24
write doneunique: 192, opcode: LOOKUP (1), nodeid: 1, insize: 47, pid: 775
isdir: 1 is a dir
   unique: 192, error: -2 (No such file or directory), outsize: 16
unique: 194, opcode: WRITE (16), nodeid: 17, insize: 4176, pid: 773
write herebyteswritten:94459480032032
4096
0
   unique: 194, success, outsize: 24
write doneunique: 196, opcode: RELEASE (18), nodeid: 16, insize: 64, pid: 0
   unique: 196, success, outsize: 16
unique: 198, opcode: CREATE (35), nodeid: 1, insize: 63, pid: 775
isdir: 1 is a dir
isfile: 18 is a file
getattr 0000000000000012 1
isfile: 18 is a file
getfile 0000000000000012
getfile 0000000000000012 -> sz 0
   getattr -> 0
   unique: 198, success, outsize: 160
OK: create returns.
unique: 200, opcode: WRITE (16), nodeid: 17, insize: 4176, pid: 773
write herebyteswritten:94459480032032
4096
4096
   unique: 200, success, outsize: 24
write doneunique: 202, opcode: LOOKUP (1), nodeid: 1, insize: 47, pid: 780
isdir: 1 is a dir
   unique: 202, error: -2 (No such file or directory), outsize: 16
unique: 204, opcode: WRITE (16), nodeid: 18, insize: 3068, pid: 775
write herebyteswritten:94459480030924
2988
0
   unique: 204, success, outsize: 24
write doneunique: 206, opcode: WRITE (16), nodeid: 17, insize: 1933, pid: 773
write herebyteswritten:94459480029789
1853
8192
   unique: 206, success, outsize: 24
write doneunique: 208, opcode: CREATE (35), nodeid: 1, insize: 63, pid: 780
isdir: 1 is a dir
isfile: 19 is a file
getattr 0000000000000013 1
isfile: 19 is a file
getfile 0000000000000013
getfile 0000000000000013 -> sz 0
   getattr -> 0
   unique: 208, success, outsize: 160
OK: create returns.
unique: 210, opcode: RELEASE (18), nodeid: 18, insize: 64, pid: 0
   unique: 210, success, outsize: 16
unique: 212, opcode: RELEASE (18), nodeid: 17, insize: 64, pid: 0
   unique: 212, success, outsize: 16
unique: 214, opcode: LOOKUP (1), nodeid: 1, insize: 47, pid: 774
isdir: 1 is a dir
   unique: 214, error: -2 (No such file or directory), outsize: 16
unique: 216, opcode: WRITE (16), nodeid: 19, insize: 4176, pid: 780
write herebyteswritten:94459480032032
4096
0
   unique: 216, success, outsize: 24
write doneunique: 218, opcode: CREATE (35), nodeid: 1, insize: 63, pid: 774
isdir: 1 is a dir
isfile: 20 is a file
getattr 0000000000000014 1
isfile: 20 is a file
getfile 0000000000000014
getfile 0000000000000014 -> sz 0
   getattr -> 0
   unique: 218, success, outsize: 160
OK: create returns.
unique: 220, opcode: WRITE (16), nodeid: 19, insize: 4176, pid: 780
write herebyteswritten:94459480032032
4096
4096
   unique: 220, success, outsize: 24
write doneunique: 222, opcode: LOOKUP (1), nodeid: 1, insize: 47, pid: 775
isdir: 1 is a dir
   unique: 222, error: -2 (No such file or directory), outsize: 16
unique: 224, opcode: WRITE (16), nodeid: 20, insize: 4176, pid: 774
write herebyteswritten:94459480032032
4096
0
   unique: 224, success, outsize: 24
write doneunique: 226, opcode: WRITE (16), nodeid: 19, insize: 4176, pid: 780
write herebyteswritten:94459480032032
4096
8192
   unique: 226, success, outsize: 24
write doneunique: 228, opcode: CREATE (35), nodeid: 1, insize: 63, pid: 775
isdir: 1 is a dir
isfile: 21 is a file
getattr 0000000000000015 1
isfile: 21 is a file
getfile 0000000000000015
getfile 0000000000000015 -> sz 0
   getattr -> 0
   unique: 228, success, outsize: 160
OK: create returns.
unique: 230, opcode: WRITE (16), nodeid: 20, insize: 3485, pid: 774
write herebyteswritten:94459480031341
3405
4096
   unique: 230, success, outsize: 24
write doneunique: 232, opcode: WRITE (16), nodeid: 19, insize: 3069, pid: 780
write herebyteswritten:94459480030925
2989
12288
   unique: 232, success, outsize: 24
write doneunique: 234, opcode: WRITE (16), nodeid: 21, insize: 2003, pid: 775
write herebyteswritten:94459480029859
1923
0
   unique: 234, success, outsize: 24
write doneunique: 236, opcode: RELEASE (18), nodeid: 20, insize: 64, pid: 0
   unique: 236, success, outsize: 16
unique: 238, opcode: LOOKUP (1), nodeid: 1, insize: 47, pid: 774
isdir: 1 is a dir
   unique: 238, error: -2 (No such file or directory), outsize: 16
unique: 240, opcode: RELEASE (18), nodeid: 19, insize: 64, pid: 0
   unique: 240, success, outsize: 16
unique: 242, opcode: RELEASE (18), nodeid: 21, insize: 64, pid: 0
   unique: 242, success, outsize: 16
unique: 244, opcode: CREATE (35), nodeid: 1, insize: 63, pid: 774
isdir: 1 is a dir
isfile: 22 is a file
getattr 0000000000000016 1
isfile: 22 is a file
getfile 0000000000000016
getfile 0000000000000016 -> sz 0
   getattr -> 0
   unique: 244, success, outsize: 160
OK: create returns.
unique: 246, opcode: LOOKUP (1), nodeid: 1, insize: 47, pid: 775
isdir: 1 is a dir
   unique: 246, error: -2 (No such file or directory), outsize: 16
unique: 248, opcode: WRITE (16), nodeid: 22, insize: 3612, pid: 774
write herebyteswritten:94459480031468
3532
0
   unique: 248, success, outsize: 24
write doneunique: 250, opcode: CREATE (35), nodeid: 1, insize: 63, pid: 775
isdir: 1 is a dir
isfile: 23 is a file
getattr 0000000000000017 1
isfile: 23 is a file
getfile 0000000000000017
getfile 0000000000000017 -> sz 0
   getattr -> 0
   unique: 250, success, outsize: 160
OK: create returns.
unique: 252, opcode: RELEASE (18), nodeid: 22, insize: 64, pid: 0
   unique: 252, success, outsize: 16
unique: 254, opcode: LOOKUP (1), nodeid: 1, insize: 47, pid: 774
isdir: 1 is a dir
   unique: 254, error: -2 (No such file or directory), outsize: 16
unique: 256, opcode: WRITE (16), nodeid: 23, insize: 1314, pid: 775
write herebyteswritten:94459480029170
1234
0
   unique: 256, success, outsize: 24
write doneunique: 258, opcode: CREATE (35), nodeid: 1, insize: 63, pid: 774
isdir: 1 is a dir
isfile: 24 is a file
getattr 0000000000000018 1
isfile: 24 is a file
getfile 0000000000000018
getfile 0000000000000018 -> sz 0
   getattr -> 0
   unique: 258, success, outsize: 160
OK: create returns.
unique: 260, opcode: RELEASE (18), nodeid: 23, insize: 64, pid: 0
   unique: 260, success, outsize: 16
unique: 262, opcode: LOOKUP (1), nodeid: 1, insize: 47, pid: 775
isdir: 1 is a dir
   unique: 262, error: -2 (No such file or directory), outsize: 16
unique: 264, opcode: WRITE (16), nodeid: 24, insize: 4176, pid: 774
write herebyteswritten:94459480032032
4096
0
   unique: 264, success, outsize: 24
write doneunique: 266, opcode: CREATE (35), nodeid: 1, insize: 63, pid: 775
isdir: 1 is a dir
isfile: 25 is a file
getattr 0000000000000019 1
isfile: 25 is a file
getfile 0000000000000019
getfile 0000000000000019 -> sz 0
   getattr -> 0
   unique: 266, success, outsize: 160
OK: create returns.
unique: 268, opcode: WRITE (16), nodeid: 24, insize: 3128, pid: 774
write herebyteswritten:94459480030984
3048
4096
   unique: 268, success, outsize: 24
write doneunique: 270, opcode: WRITE (16), nodeid: 25, insize: 2511, pid: 775
write herebyteswritten:94459480030367
2431
0
   unique: 270, success, outsize: 24
write doneunique: 272, opcode: RELEASE (18), nodeid: 24, insize: 64, pid: 0
   unique: 272, success, outsize: 16
unique: 274, opcode: RELEASE (18), nodeid: 25, insize: 64, pid: 0
   unique: 274, success, outsize: 16
unique: 276, opcode: OPENDIR (27), nodeid: 1, insize: 48, pid: 775
   unique: 276, success, outsize: 32
unique: 278, opcode: GETATTR (3), nodeid: 1, insize: 56, pid: 775
isfile: 1 is a dir
getattr 0000000000000001 0
isfile: 1 is a dir
isdir: 1 is a dir
getdir 0000000000000001
   getattr -> 1634892501 1634892501 1634892501
   unique: 278, success, outsize: 120
unique: 280, opcode: READDIR (28), nodeid: 1, insize: 80, pid: 775
fuseserver_readdir
isdir: 1 is a dir
   unique: 280, success, outsize: 784
unique: 282, opcode: READDIR (28), nodeid: 1, insize: 80, pid: 775
fuseserver_readdir
isdir: 1 is a dir
   unique: 282, success, outsize: 16
unique: 284, opcode: LOOKUP (1), nodeid: 1, insize: 47, pid: 775
isdir: 1 is a dir
isfile: 2 is a file
getattr 0000000000000002 1
isfile: 2 is a file
getfile 0000000000000002
getfile 0000000000000002 -> sz 2551
   getattr -> 2551
   unique: 284, success, outsize: 144
unique: 286, opcode: OPEN (14), nodeid: 2, insize: 48, pid: 775
   unique: 286, success, outsize: 32
unique: 288, opcode: GETATTR (3), nodeid: 2, insize: 56, pid: 775
isfile: 2 is a file
getattr 0000000000000002 1
isfile: 2 is a file
getfile 0000000000000002
getfile 0000000000000002 -> sz 2551
   getattr -> 2551
   unique: 288, success, outsize: 120
unique: 290, opcode: READ (15), nodeid: 2, insize: 80, pid: 775
   unique: 290, success, outsize: 2567
unique: 292, opcode: GETATTR (3), nodeid: 2, insize: 56, pid: 775
isfile: 2 is a file
getattr 0000000000000002 1
isfile: 2 is a file
getfile 0000000000000002
getfile 0000000000000002 -> sz 2551
   getattr -> 2551
   unique: 292, success, outsize: 120
unique: 294, opcode: RELEASE (18), nodeid: 2, insize: 64, pid: 0
   unique: 294, success, outsize: 16
unique: 296, opcode: LOOKUP (1), nodeid: 1, insize: 47, pid: 775
isdir: 1 is a dir
isfile: 3 is a file
getattr 0000000000000003 1
isfile: 3 is a file
getfile 0000000000000003
getfile 0000000000000003 -> sz 6355
   getattr -> 6355
   unique: 296, success, outsize: 144
unique: 298, opcode: OPEN (14), nodeid: 3, insize: 48, pid: 775
   unique: 298, success, outsize: 32
unique: 300, opcode: GETATTR (3), nodeid: 3, insize: 56, pid: 775
isfile: 3 is a file
getattr 0000000000000003 1
isfile: 3 is a file
getfile 0000000000000003
getfile 0000000000000003 -> sz 6355
   getattr -> 6355
   unique: 300, success, outsize: 120
unique: 302, opcode: READ (15), nodeid: 3, insize: 80, pid: 775
   unique: 302, success, outsize: 6371
unique: 304, opcode: GETATTR (3), nodeid: 3, insize: 56, pid: 775
isfile: 3 is a file
getattr 0000000000000003 1
isfile: 3 is a file
getfile 0000000000000003
getfile 0000000000000003 -> sz 6355
   getattr -> 6355
   unique: 304, success, outsize: 120
unique: 306, opcode: RELEASE (18), nodeid: 3, insize: 64, pid: 0
   unique: 306, success, outsize: 16
unique: 308, opcode: LOOKUP (1), nodeid: 1, insize: 47, pid: 775
isdir: 1 is a dir
isfile: 4 is a file
getattr 0000000000000004 1
isfile: 4 is a file
getfile 0000000000000004
getfile 0000000000000004 -> sz 12093
   getattr -> 12093
   unique: 308, success, outsize: 144
unique: 310, opcode: OPEN (14), nodeid: 4, insize: 48, pid: 775
   unique: 310, success, outsize: 32
unique: 312, opcode: READ (15), nodeid: 4, insize: 80, pid: 775
   unique: 312, success, outsize: 12109
unique: 314, opcode: GETATTR (3), nodeid: 4, insize: 56, pid: 775
isfile: 4 is a file
getattr 0000000000000004 1
isfile: 4 is a file
getfile 0000000000000004
getfile 0000000000000004 -> sz 12093
   getattr -> 12093
   unique: 314, success, outsize: 120
unique: 316, opcode: GETATTR (3), nodeid: 4, insize: 56, pid: 775
isfile: 4 is a file
getattr 0000000000000004 1
isfile: 4 is a file
getfile 0000000000000004
getfile 0000000000000004 -> sz 12093
   getattr -> 12093
   unique: 316, success, outsize: 120
unique: 318, opcode: RELEASE (18), nodeid: 4, insize: 64, pid: 0
   unique: 318, success, outsize: 16
unique: 320, opcode: LOOKUP (1), nodeid: 1, insize: 47, pid: 775
isdir: 1 is a dir
isfile: 5 is a file
getattr 0000000000000005 1
isfile: 5 is a file
getfile 0000000000000005
getfile 0000000000000005 -> sz 17930
   getattr -> 17930
   unique: 320, success, outsize: 144
unique: 322, opcode: OPEN (14), nodeid: 5, insize: 48, pid: 775
   unique: 322, success, outsize: 32
unique: 324, opcode: READ (15), nodeid: 5, insize: 80, pid: 775
   unique: 324, success, outsize: 16400
unique: 326, opcode: READ (15), nodeid: 5, insize: 80, pid: 775
   unique: 326, success, outsize: 1562
unique: 328, opcode: GETATTR (3), nodeid: 5, insize: 56, pid: 775
isfile: 5 is a file
getattr 0000000000000005 1
isfile: 5 is a file
getfile 0000000000000005
getfile 0000000000000005 -> sz 17930
   getattr -> 17930
   unique: 328, success, outsize: 120
unique: 330, opcode: GETATTR (3), nodeid: 5, insize: 56, pid: 775
isfile: 5 is a file
getattr 0000000000000005 1
isfile: 5 is a file
getfile 0000000000000005
getfile 0000000000000005 -> sz 17930
   getattr -> 17930
   unique: 330, success, outsize: 120
unique: 332, opcode: RELEASE (18), nodeid: 5, insize: 64, pid: 0
   unique: 332, success, outsize: 16
unique: 334, opcode: LOOKUP (1), nodeid: 1, insize: 47, pid: 775
isdir: 1 is a dir
isfile: 16 is a file
getattr 0000000000000010 1
isfile: 16 is a file
getfile 0000000000000010
getfile 0000000000000010 -> sz 7599
   getattr -> 7599
   unique: 334, success, outsize: 144
unique: 336, opcode: OPEN (14), nodeid: 16, insize: 48, pid: 775
   unique: 336, success, outsize: 32
unique: 338, opcode: GETATTR (3), nodeid: 16, insize: 56, pid: 775
isfile: 16 is a file
getattr 0000000000000010 1
isfile: 16 is a file
getfile 0000000000000010
getfile 0000000000000010 -> sz 7599
   getattr -> 7599
   unique: 338, success, outsize: 120
unique: 340, opcode: READ (15), nodeid: 16, insize: 80, pid: 775
   unique: 340, success, outsize: 7615
unique: 342, opcode: GETATTR (3), nodeid: 16, insize: 56, pid: 775
isfile: 16 is a file
getattr 0000000000000010 1
isfile: 16 is a file
getfile 0000000000000010
getfile 0000000000000010 -> sz 7599
   getattr -> 7599
   unique: 342, success, outsize: 120
unique: 344, opcode: RELEASE (18), nodeid: 16, insize: 64, pid: 0
   unique: 344, success, outsize: 16
unique: 346, opcode: LOOKUP (1), nodeid: 1, insize: 47, pid: 775
isdir: 1 is a dir
isfile: 18 is a file
getattr 0000000000000012 1
isfile: 18 is a file
getfile 0000000000000012
getfile 0000000000000012 -> sz 2988
   getattr -> 2988
   unique: 346, success, outsize: 144
unique: 348, opcode: OPEN (14), nodeid: 18, insize: 48, pid: 775
   unique: 348, success, outsize: 32
unique: 350, opcode: GETATTR (3), nodeid: 18, insize: 56, pid: 775
isfile: 18 is a file
getattr 0000000000000012 1
isfile: 18 is a file
getfile 0000000000000012
getfile 0000000000000012 -> sz 2988
   getattr -> 2988
   unique: 350, success, outsize: 120
unique: 352, opcode: READ (15), nodeid: 18, insize: 80, pid: 775
   unique: 352, success, outsize: 3004
unique: 354, opcode: GETATTR (3), nodeid: 18, insize: 56, pid: 775
isfile: 18 is a file
getattr 0000000000000012 1
isfile: 18 is a file
getfile 0000000000000012
getfile 0000000000000012 -> sz 2988
   getattr -> 2988
   unique: 354, success, outsize: 120
unique: 356, opcode: RELEASE (18), nodeid: 18, insize: 64, pid: 0
   unique: 356, success, outsize: 16
unique: 358, opcode: LOOKUP (1), nodeid: 1, insize: 48, pid: 775
isdir: 1 is a dir
   unique: 358, error: -2 (No such file or directory), outsize: 16
unique: 360, opcode: CREATE (35), nodeid: 1, insize: 64, pid: 775
isdir: 1 is a dir
isfile: 26 is a file
getattr 000000000000001a 1
isfile: 26 is a file
getfile 000000000000001a
getfile 000000000000001a -> sz 0
   getattr -> 0
   unique: 360, success, outsize: 160
OK: create returns.
unique: 362, opcode: WRITE (16), nodeid: 26, insize: 4176, pid: 775
write herebyteswritten:94459480032032
4096
0
   unique: 362, success, outsize: 24
write doneunique: 364, opcode: WRITE (16), nodeid: 26, insize: 4176, pid: 775
write herebyteswritten:94459480032032
4096
4096
   unique: 364, success, outsize: 24
write doneunique: 366, opcode: WRITE (16), nodeid: 26, insize: 2221, pid: 775
write herebyteswritten:94459480030077
2141
8192
   unique: 366, success, outsize: 24
write doneunique: 368, opcode: RELEASE (18), nodeid: 26, insize: 64, pid: 0
   unique: 368, success, outsize: 16
unique: 370, opcode: OPENDIR (27), nodeid: 1, insize: 48, pid: 775
   unique: 370, success, outsize: 32
unique: 372, opcode: GETATTR (3), nodeid: 1, insize: 56, pid: 775
isfile: 1 is a dir
getattr 0000000000000001 0
isfile: 1 is a dir
isdir: 1 is a dir
getdir 0000000000000001
   getattr -> 1634892501 1634892501 1634892501
   unique: 372, success, outsize: 120
unique: 374, opcode: READDIR (28), nodeid: 1, insize: 80, pid: 775
fuseserver_readdir
isdir: 1 is a dir
   unique: 374, success, outsize: 816
unique: 376, opcode: READDIR (28), nodeid: 1, insize: 80, pid: 775
fuseserver_readdir
isdir: 1 is a dir
   unique: 376, success, outsize: 16
unique: 378, opcode: LOOKUP (1), nodeid: 1, insize: 47, pid: 775
isdir: 1 is a dir
isfile: 6 is a file
getattr 0000000000000006 1
isfile: 6 is a file
getfile 0000000000000006
getfile 0000000000000006 -> sz 2980
   getattr -> 2980
   unique: 378, success, outsize: 144
unique: 380, opcode: OPEN (14), nodeid: 6, insize: 48, pid: 775
   unique: 380, success, outsize: 32
unique: 382, opcode: GETATTR (3), nodeid: 6, insize: 56, pid: 775
isfile: 6 is a file
getattr 0000000000000006 1
isfile: 6 is a file
getfile 0000000000000006
getfile 0000000000000006 -> sz 2980
   getattr -> 2980
   unique: 382, success, outsize: 120
unique: 384, opcode: READ (15), nodeid: 6, insize: 80, pid: 775
   unique: 384, success, outsize: 2996
unique: 386, opcode: GETATTR (3), nodeid: 6, insize: 56, pid: 775
isfile: 6 is a file
getattr 0000000000000006 1
isfile: 6 is a file
getfile 0000000000000006
getfile 0000000000000006 -> sz 2980
   getattr -> 2980
   unique: 386, success, outsize: 120
unique: 388, opcode: RELEASE (18), nodeid: 6, insize: 64, pid: 0
   unique: 388, success, outsize: 16
unique: 390, opcode: LOOKUP (1), nodeid: 1, insize: 47, pid: 775
isdir: 1 is a dir
isfile: 7 is a file
getattr 0000000000000007 1
isfile: 7 is a file
getfile 0000000000000007
getfile 0000000000000007 -> sz 8622
   getattr -> 8622
   unique: 390, success, outsize: 144
unique: 392, opcode: OPEN (14), nodeid: 7, insize: 48, pid: 775
   unique: 392, success, outsize: 32
unique: 394, opcode: READ (15), nodeid: 7, insize: 80, pid: 775
   unique: 394, success, outsize: 8638
unique: 396, opcode: GETATTR (3), nodeid: 7, insize: 56, pid: 775
isfile: 7 is a file
getattr 0000000000000007 1
isfile: 7 is a file
getfile 0000000000000007
getfile 0000000000000007 -> sz 8622
   getattr -> 8622
   unique: 396, success, outsize: 120
unique: 398, opcode: GETATTR (3), nodeid: 7, insize: 56, pid: 775
isfile: 7 is a file
getattr 0000000000000007 1
isfile: 7 is a file
getfile 0000000000000007
getfile 0000000000000007 -> sz 8622
   getattr -> 8622
   unique: 398, success, outsize: 120
unique: 400, opcode: RELEASE (18), nodeid: 7, insize: 64, pid: 0
   unique: 400, success, outsize: 16
unique: 402, opcode: LOOKUP (1), nodeid: 1, insize: 47, pid: 775
isdir: 1 is a dir
isfile: 8 is a file
getattr 0000000000000008 1
isfile: 8 is a file
getfile 0000000000000008
getfile 0000000000000008 -> sz 11334
   getattr -> 11334
   unique: 402, success, outsize: 144
unique: 404, opcode: OPEN (14), nodeid: 8, insize: 48, pid: 775
   unique: 404, success, outsize: 32
unique: 406, opcode: READ (15), nodeid: 8, insize: 80, pid: 775
   unique: 406, success, outsize: 11350
unique: 408, opcode: GETATTR (3), nodeid: 8, insize: 56, pid: 775
isfile: 8 is a file
getattr 0000000000000008 1
isfile: 8 is a file
getfile 0000000000000008
getfile 0000000000000008 -> sz 11334
   getattr -> 11334
   unique: 408, success, outsize: 120
unique: 410, opcode: GETATTR (3), nodeid: 8, insize: 56, pid: 775
isfile: 8 is a file
getattr 0000000000000008 1
isfile: 8 is a file
getfile 0000000000000008
getfile 0000000000000008 -> sz 11334
   getattr -> 11334
   unique: 410, success, outsize: 120
unique: 412, opcode: RELEASE (18), nodeid: 8, insize: 64, pid: 0
   unique: 412, success, outsize: 16
unique: 414, opcode: LOOKUP (1), nodeid: 1, insize: 47, pid: 775
isdir: 1 is a dir
isfile: 10 is a file
getattr 000000000000000a 1
isfile: 10 is a file
getfile 000000000000000a
getfile 000000000000000a -> sz 10915
   getattr -> 10915
   unique: 414, success, outsize: 144
unique: 416, opcode: OPEN (14), nodeid: 10, insize: 48, pid: 775
   unique: 416, success, outsize: 32
unique: 418, opcode: READ (15), nodeid: 10, insize: 80, pid: 775
   unique: 418, success, outsize: 10931
unique: 420, opcode: GETATTR (3), nodeid: 10, insize: 56, pid: 775
isfile: 10 is a file
getattr 000000000000000a 1
isfile: 10 is a file
getfile 000000000000000a
getfile 000000000000000a -> sz 10915
   getattr -> 10915
   unique: 420, success, outsize: 120
unique: 422, opcode: GETATTR (3), nodeid: 10, insize: 56, pid: 775
isfile: 10 is a file
getattr 000000000000000a 1
isfile: 10 is a file
getfile 000000000000000a
getfile 000000000000000a -> sz 10915
   getattr -> 10915
   unique: 422, success, outsize: 120
unique: 424, opcode: RELEASE (18), nodeid: 10, insize: 64, pid: 0
   unique: 424, success, outsize: 16
unique: 426, opcode: LOOKUP (1), nodeid: 1, insize: 47, pid: 775
isdir: 1 is a dir
isfile: 20 is a file
getattr 0000000000000014 1
isfile: 20 is a file
getfile 0000000000000014
getfile 0000000000000014 -> sz 7501
   getattr -> 7501
   unique: 426, success, outsize: 144
unique: 428, opcode: OPEN (14), nodeid: 20, insize: 48, pid: 775
   unique: 428, success, outsize: 32
unique: 430, opcode: GETATTR (3), nodeid: 20, insize: 56, pid: 775
isfile: 20 is a file
getattr 0000000000000014 1
isfile: 20 is a file
getfile 0000000000000014
getfile 0000000000000014 -> sz 7501
   getattr -> 7501
   unique: 430, success, outsize: 120
unique: 432, opcode: READ (15), nodeid: 20, insize: 80, pid: 775
   unique: 432, success, outsize: 7517
unique: 434, opcode: GETATTR (3), nodeid: 20, insize: 56, pid: 775
isfile: 20 is a file
getattr 0000000000000014 1
isfile: 20 is a file
getfile 0000000000000014
getfile 0000000000000014 -> sz 7501
   getattr -> 7501
   unique: 434, success, outsize: 120
unique: 436, opcode: RELEASE (18), nodeid: 20, insize: 64, pid: 0
   unique: 436, success, outsize: 16
unique: 438, opcode: LOOKUP (1), nodeid: 1, insize: 47, pid: 775
isdir: 1 is a dir
isfile: 21 is a file
getattr 0000000000000015 1
isfile: 21 is a file
getfile 0000000000000015
getfile 0000000000000015 -> sz 1923
   getattr -> 1923
   unique: 438, success, outsize: 144
unique: 440, opcode: OPEN (14), nodeid: 21, insize: 48, pid: 775
   unique: 440, success, outsize: 32
unique: 442, opcode: GETATTR (3), nodeid: 21, insize: 56, pid: 775
isfile: 21 is a file
getattr 0000000000000015 1
isfile: 21 is a file
getfile 0000000000000015
getfile 0000000000000015 -> sz 1923
   getattr -> 1923
   unique: 442, success, outsize: 120
unique: 444, opcode: READ (15), nodeid: 21, insize: 80, pid: 775
   unique: 444, success, outsize: 1939
unique: 446, opcode: GETATTR (3), nodeid: 21, insize: 56, pid: 775
isfile: 21 is a file
getattr 0000000000000015 1
isfile: 21 is a file
getfile 0000000000000015
getfile 0000000000000015 -> sz 1923
   getattr -> 1923
   unique: 446, success, outsize: 120
unique: 448, opcode: RELEASE (18), nodeid: 21, insize: 64, pid: 0
   unique: 448, success, outsize: 16
unique: 450, opcode: LOOKUP (1), nodeid: 1, insize: 48, pid: 775
isdir: 1 is a dir
   unique: 450, error: -2 (No such file or directory), outsize: 16
unique: 452, opcode: CREATE (35), nodeid: 1, insize: 64, pid: 775
isdir: 1 is a dir
isfile: 27 is a file
getattr 000000000000001b 1
isfile: 27 is a file
getfile 000000000000001b
getfile 000000000000001b -> sz 0
   getattr -> 0
   unique: 452, success, outsize: 160
OK: create returns.
unique: 454, opcode: WRITE (16), nodeid: 27, insize: 4176, pid: 775
write herebyteswritten:94459480032032
4096
0
   unique: 454, success, outsize: 24
write doneunique: 456, opcode: WRITE (16), nodeid: 27, insize: 4176, pid: 775
write herebyteswritten:94459480032032
4096
4096
   unique: 456, success, outsize: 24
write doneunique: 458, opcode: WRITE (16), nodeid: 27, insize: 1378, pid: 775
write herebyteswritten:94459480029234
1298
8192
   unique: 458, success, outsize: 24
write doneunique: 460, opcode: RELEASE (18), nodeid: 27, insize: 64, pid: 0
   unique: 460, success, outsize: 16
unique: 462, opcode: OPENDIR (27), nodeid: 1, insize: 48, pid: 775
   unique: 462, success, outsize: 32
unique: 464, opcode: GETATTR (3), nodeid: 1, insize: 56, pid: 775
isfile: 1 is a dir
getattr 0000000000000001 0
isfile: 1 is a dir
isdir: 1 is a dir
getdir 0000000000000001
   getattr -> 1634892502 1634892502 1634892502
   unique: 464, success, outsize: 120
unique: 466, opcode: READDIR (28), nodeid: 1, insize: 80, pid: 775
fuseserver_readdir
isdir: 1 is a dir
   unique: 466, success, outsize: 848
unique: 468, opcode: READDIR (28), nodeid: 1, insize: 80, pid: 775
fuseserver_readdir
isdir: 1 is a dir
   unique: 468, success, outsize: 16
unique: 470, opcode: LOOKUP (1), nodeid: 1, insize: 47, pid: 775
isdir: 1 is a dir
isfile: 9 is a file
getattr 0000000000000009 1
isfile: 9 is a file
getfile 0000000000000009
getfile 0000000000000009 -> sz 1561
   getattr -> 1561
   unique: 470, success, outsize: 144
unique: 472, opcode: OPEN (14), nodeid: 9, insize: 48, pid: 775
   unique: 472, success, outsize: 32
unique: 474, opcode: GETATTR (3), nodeid: 9, insize: 56, pid: 775
isfile: 9 is a file
getattr 0000000000000009 1
isfile: 9 is a file
getfile 0000000000000009
getfile 0000000000000009 -> sz 1561
   getattr -> 1561
   unique: 474, success, outsize: 120
unique: 476, opcode: READ (15), nodeid: 9, insize: 80, pid: 775
   unique: 476, success, outsize: 1577
unique: 478, opcode: GETATTR (3), nodeid: 9, insize: 56, pid: 775
isfile: 9 is a file
getattr 0000000000000009 1
isfile: 9 is a file
getfile 0000000000000009
getfile 0000000000000009 -> sz 1561
   getattr -> 1561
   unique: 478, success, outsize: 120
unique: 480, opcode: RELEASE (18), nodeid: 9, insize: 64, pid: 0
   unique: 480, success, outsize: 16
unique: 482, opcode: LOOKUP (1), nodeid: 1, insize: 47, pid: 775
isdir: 1 is a dir
isfile: 11 is a file
getattr 000000000000000b 1
isfile: 11 is a file
getfile 000000000000000b
getfile 000000000000000b -> sz 3509
   getattr -> 3509
   unique: 482, success, outsize: 144
unique: 484, opcode: OPEN (14), nodeid: 11, insize: 48, pid: 775
   unique: 484, success, outsize: 32
unique: 486, opcode: GETATTR (3), nodeid: 11, insize: 56, pid: 775
isfile: 11 is a file
getattr 000000000000000b 1
isfile: 11 is a file
getfile 000000000000000b
getfile 000000000000000b -> sz 3509
   getattr -> 3509
   unique: 486, success, outsize: 120
unique: 488, opcode: READ (15), nodeid: 11, insize: 80, pid: 775
   unique: 488, success, outsize: 3525
unique: 490, opcode: GETATTR (3), nodeid: 11, insize: 56, pid: 775
isfile: 11 is a file
getattr 000000000000000b 1
isfile: 11 is a file
getfile 000000000000000b
getfile 000000000000000b -> sz 3509
   getattr -> 3509
   unique: 490, success, outsize: 120
unique: 492, opcode: RELEASE (18), nodeid: 11, insize: 64, pid: 0
   unique: 492, success, outsize: 16
unique: 494, opcode: LOOKUP (1), nodeid: 1, insize: 47, pid: 775
isdir: 1 is a dir
isfile: 13 is a file
getattr 000000000000000d 1
isfile: 13 is a file
getfile 000000000000000d
getfile 000000000000000d -> sz 5140
   getattr -> 5140
   unique: 494, success, outsize: 144
unique: 496, opcode: OPEN (14), nodeid: 13, insize: 48, pid: 775
   unique: 496, success, outsize: 32
unique: 498, opcode: GETATTR (3), nodeid: 13, insize: 56, pid: 775
isfile: 13 is a file
getattr 000000000000000d 1
isfile: 13 is a file
getfile 000000000000000d
getfile 000000000000000d -> sz 5140
   getattr -> 5140
   unique: 498, success, outsize: 120
unique: 500, opcode: READ (15), nodeid: 13, insize: 80, pid: 775
   unique: 500, success, outsize: 5156
unique: 502, opcode: GETATTR (3), nodeid: 13, insize: 56, pid: 775
isfile: 13 is a file
getattr 000000000000000d 1
isfile: 13 is a file
getfile 000000000000000d
getfile 000000000000000d -> sz 5140
   getattr -> 5140
   unique: 502, success, outsize: 120
unique: 504, opcode: RELEASE (18), nodeid: 13, insize: 64, pid: 0
   unique: 504, success, outsize: 16
unique: 506, opcode: LOOKUP (1), nodeid: 1, insize: 47, pid: 775
isdir: 1 is a dir
isfile: 15 is a file
getattr 000000000000000f 1
isfile: 15 is a file
getfile 000000000000000f
getfile 000000000000000f -> sz 7540
   getattr -> 7540
   unique: 506, success, outsize: 144
unique: 508, opcode: OPEN (14), nodeid: 15, insize: 48, pid: 775
   unique: 508, success, outsize: 32
unique: 510, opcode: GETATTR (3), nodeid: 15, insize: 56, pid: 775
isfile: 15 is a file
getattr 000000000000000f 1
isfile: 15 is a file
getfile 000000000000000f
getfile 000000000000000f -> sz 7540
   getattr -> 7540
   unique: 510, success, outsize: 120
unique: 512, opcode: READ (15), nodeid: 15, insize: 80, pid: 775
   unique: 512, success, outsize: 7556
unique: 514, opcode: GETATTR (3), nodeid: 15, insize: 56, pid: 775
isfile: 15 is a file
getattr 000000000000000f 1
isfile: 15 is a file
getfile 000000000000000f
getfile 000000000000000f -> sz 7540
   getattr -> 7540
   unique: 514, success, outsize: 120
unique: 516, opcode: RELEASE (18), nodeid: 15, insize: 64, pid: 0
   unique: 516, success, outsize: 16
unique: 518, opcode: LOOKUP (1), nodeid: 1, insize: 47, pid: 775
isdir: 1 is a dir
isfile: 22 is a file
getattr 0000000000000016 1
isfile: 22 is a file
getfile 0000000000000016
getfile 0000000000000016 -> sz 3532
   getattr -> 3532
   unique: 518, success, outsize: 144
unique: 520, opcode: OPEN (14), nodeid: 22, insize: 48, pid: 775
   unique: 520, success, outsize: 32
unique: 522, opcode: GETATTR (3), nodeid: 22, insize: 56, pid: 775
isfile: 22 is a file
getattr 0000000000000016 1
isfile: 22 is a file
getfile 0000000000000016
getfile 0000000000000016 -> sz 3532
   getattr -> 3532
   unique: 522, success, outsize: 120
unique: 524, opcode: READ (15), nodeid: 22, insize: 80, pid: 775
   unique: 524, success, outsize: 3548
unique: 526, opcode: GETATTR (3), nodeid: 22, insize: 56, pid: 775
isfile: 22 is a file
getattr 0000000000000016 1
isfile: 22 is a file
getfile 0000000000000016
getfile 0000000000000016 -> sz 3532
   getattr -> 3532
   unique: 526, success, outsize: 120
unique: 528, opcode: RELEASE (18), nodeid: 22, insize: 64, pid: 0
   unique: 528, success, outsize: 16
unique: 530, opcode: LOOKUP (1), nodeid: 1, insize: 47, pid: 775
isdir: 1 is a dir
isfile: 23 is a file
getattr 0000000000000017 1
isfile: 23 is a file
getfile 0000000000000017
getfile 0000000000000017 -> sz 1234
   getattr -> 1234
   unique: 530, success, outsize: 144
unique: 532, opcode: OPEN (14), nodeid: 23, insize: 48, pid: 775
   unique: 532, success, outsize: 32
unique: 534, opcode: GETATTR (3), nodeid: 23, insize: 56, pid: 775
isfile: 23 is a file
getattr 0000000000000017 1
isfile: 23 is a file
getfile 0000000000000017
getfile 0000000000000017 -> sz 1234
   getattr -> 1234
   unique: 534, success, outsize: 120
unique: 536, opcode: READ (15), nodeid: 23, insize: 80, pid: 775
   unique: 536, success, outsize: 1250
unique: 538, opcode: GETATTR (3), nodeid: 23, insize: 56, pid: 775
isfile: 23 is a file
getattr 0000000000000017 1
isfile: 23 is a file
getfile 0000000000000017
getfile 0000000000000017 -> sz 1234
   getattr -> 1234
   unique: 538, success, outsize: 120
unique: 540, opcode: RELEASE (18), nodeid: 23, insize: 64, pid: 0
   unique: 540, success, outsize: 16
unique: 542, opcode: LOOKUP (1), nodeid: 1, insize: 48, pid: 775
isdir: 1 is a dir
   unique: 542, error: -2 (No such file or directory), outsize: 16
unique: 544, opcode: CREATE (35), nodeid: 1, insize: 64, pid: 775
isdir: 1 is a dir
isfile: 28 is a file
getattr 000000000000001c 1
isfile: 28 is a file
getfile 000000000000001c
getfile 000000000000001c -> sz 0
   getattr -> 0
   unique: 544, success, outsize: 160
OK: create returns.
unique: 546, opcode: WRITE (16), nodeid: 28, insize: 4176, pid: 775
write herebyteswritten:94459480032032
4096
0
   unique: 546, success, outsize: 24
write doneunique: 548, opcode: WRITE (16), nodeid: 28, insize: 3322, pid: 775
write herebyteswritten:94459480031178
3242
4096
   unique: 548, success, outsize: 24
write doneunique: 550, opcode: RELEASE (18), nodeid: 28, insize: 64, pid: 0
   unique: 550, success, outsize: 16
unique: 552, opcode: OPENDIR (27), nodeid: 1, insize: 48, pid: 775
   unique: 552, success, outsize: 32
unique: 554, opcode: GETATTR (3), nodeid: 1, insize: 56, pid: 775
isfile: 1 is a dir
getattr 0000000000000001 0
isfile: 1 is a dir
isdir: 1 is a dir
getdir 0000000000000001
   getattr -> 1634892502 1634892502 1634892502
   unique: 554, success, outsize: 120
unique: 556, opcode: READDIR (28), nodeid: 1, insize: 80, pid: 775
fuseserver_readdir
isdir: 1 is a dir
   unique: 556, success, outsize: 880
unique: 558, opcode: READDIR (28), nodeid: 1, insize: 80, pid: 775
fuseserver_readdir
isdir: 1 is a dir
   unique: 558, success, outsize: 16
unique: 560, opcode: LOOKUP (1), nodeid: 1, insize: 47, pid: 775
isdir: 1 is a dir
isfile: 12 is a file
getattr 000000000000000c 1
isfile: 12 is a file
getfile 000000000000000c
getfile 000000000000000c -> sz 2094
   getattr -> 2094
   unique: 560, success, outsize: 144
unique: 562, opcode: OPEN (14), nodeid: 12, insize: 48, pid: 775
   unique: 562, success, outsize: 32
unique: 564, opcode: GETATTR (3), nodeid: 12, insize: 56, pid: 775
isfile: 12 is a file
getattr 000000000000000c 1
isfile: 12 is a file
getfile 000000000000000c
getfile 000000000000000c -> sz 2094
   getattr -> 2094
   unique: 564, success, outsize: 120
unique: 566, opcode: READ (15), nodeid: 12, insize: 80, pid: 775
   unique: 566, success, outsize: 2110
unique: 568, opcode: GETATTR (3), nodeid: 12, insize: 56, pid: 775
isfile: 12 is a file
getattr 000000000000000c 1
isfile: 12 is a file
getfile 000000000000000c
getfile 000000000000000c -> sz 2094
   getattr -> 2094
   unique: 568, success, outsize: 120
unique: 570, opcode: RELEASE (18), nodeid: 12, insize: 64, pid: 0
   unique: 570, success, outsize: 16
unique: 572, opcode: LOOKUP (1), nodeid: 1, insize: 47, pid: 775
isdir: 1 is a dir
isfile: 14 is a file
getattr 000000000000000e 1
isfile: 14 is a file
getfile 000000000000000e
getfile 000000000000000e -> sz 6099
   getattr -> 6099
   unique: 572, success, outsize: 144
unique: 574, opcode: OPEN (14), nodeid: 14, insize: 48, pid: 775
   unique: 574, success, outsize: 32
unique: 576, opcode: GETATTR (3), nodeid: 14, insize: 56, pid: 775
isfile: 14 is a file
getattr 000000000000000e 1
isfile: 14 is a file
getfile 000000000000000e
getfile 000000000000000e -> sz 6099
   getattr -> 6099
   unique: 576, success, outsize: 120
unique: 578, opcode: READ (15), nodeid: 14, insize: 80, pid: 775
   unique: 578, success, outsize: 6115
unique: 580, opcode: GETATTR (3), nodeid: 14, insize: 56, pid: 775
isfile: 14 is a file
getattr 000000000000000e 1
isfile: 14 is a file
getfile 000000000000000e
getfile 000000000000000e -> sz 6099
   getattr -> 6099
   unique: 580, success, outsize: 120
unique: 582, opcode: RELEASE (18), nodeid: 14, insize: 64, pid: 0
   unique: 582, success, outsize: 16
unique: 584, opcode: LOOKUP (1), nodeid: 1, insize: 47, pid: 775
isdir: 1 is a dir
isfile: 17 is a file
getattr 0000000000000011 1
isfile: 17 is a file
getfile 0000000000000011
getfile 0000000000000011 -> sz 10045
   getattr -> 10045
   unique: 584, success, outsize: 144
unique: 586, opcode: OPEN (14), nodeid: 17, insize: 48, pid: 775
   unique: 586, success, outsize: 32
unique: 588, opcode: READ (15), nodeid: 17, insize: 80, pid: 775
   unique: 588, success, outsize: 10061
unique: 590, opcode: GETATTR (3), nodeid: 17, insize: 56, pid: 775
isfile: 17 is a file
getattr 0000000000000011 1
isfile: 17 is a file
getfile 0000000000000011
getfile 0000000000000011 -> sz 10045
   getattr -> 10045
   unique: 590, success, outsize: 120
unique: 592, opcode: GETATTR (3), nodeid: 17, insize: 56, pid: 775
isfile: 17 is a file
getattr 0000000000000011 1
isfile: 17 is a file
getfile 0000000000000011
getfile 0000000000000011 -> sz 10045
   getattr -> 10045
   unique: 592, success, outsize: 120
unique: 594, opcode: RELEASE (18), nodeid: 17, insize: 64, pid: 0
   unique: 594, success, outsize: 16
unique: 596, opcode: LOOKUP (1), nodeid: 1, insize: 47, pid: 775
isdir: 1 is a dir
isfile: 19 is a file
getattr 0000000000000013 1
isfile: 19 is a file
getfile 0000000000000013
getfile 0000000000000013 -> sz 15277
   getattr -> 15277
   unique: 596, success, outsize: 144
unique: 598, opcode: OPEN (14), nodeid: 19, insize: 48, pid: 775
   unique: 598, success, outsize: 32
unique: 600, opcode: READ (15), nodeid: 19, insize: 80, pid: 775
   unique: 600, success, outsize: 15293
unique: 602, opcode: GETATTR (3), nodeid: 19, insize: 56, pid: 775
isfile: 19 is a file
getattr 0000000000000013 1
isfile: 19 is a file
getfile 0000000000000013
getfile 0000000000000013 -> sz 15277
   getattr -> 15277
   unique: 602, success, outsize: 120
unique: 604, opcode: GETATTR (3), nodeid: 19, insize: 56, pid: 775
isfile: 19 is a file
getattr 0000000000000013 1
isfile: 19 is a file
getfile 0000000000000013
getfile 0000000000000013 -> sz 15277
   getattr -> 15277
   unique: 604, success, outsize: 120
unique: 606, opcode: RELEASE (18), nodeid: 19, insize: 64, pid: 0
   unique: 606, success, outsize: 16
unique: 608, opcode: LOOKUP (1), nodeid: 1, insize: 47, pid: 775
isdir: 1 is a dir
isfile: 24 is a file
getattr 0000000000000018 1
isfile: 24 is a file
getfile 0000000000000018
getfile 0000000000000018 -> sz 7144
   getattr -> 7144
   unique: 608, success, outsize: 144
unique: 610, opcode: OPEN (14), nodeid: 24, insize: 48, pid: 775
   unique: 610, success, outsize: 32
unique: 612, opcode: GETATTR (3), nodeid: 24, insize: 56, pid: 775
isfile: 24 is a file
getattr 0000000000000018 1
isfile: 24 is a file
getfile 0000000000000018
getfile 0000000000000018 -> sz 7144
   getattr -> 7144
   unique: 612, success, outsize: 120
unique: 614, opcode: READ (15), nodeid: 24, insize: 80, pid: 775
   unique: 614, success, outsize: 7160
unique: 616, opcode: GETATTR (3), nodeid: 24, insize: 56, pid: 775
isfile: 24 is a file
getattr 0000000000000018 1
isfile: 24 is a file
getfile 0000000000000018
getfile 0000000000000018 -> sz 7144
   getattr -> 7144
   unique: 616, success, outsize: 120
unique: 618, opcode: RELEASE (18), nodeid: 24, insize: 64, pid: 0
   unique: 618, success, outsize: 16
unique: 620, opcode: LOOKUP (1), nodeid: 1, insize: 47, pid: 775
isdir: 1 is a dir
isfile: 25 is a file
getattr 0000000000000019 1
isfile: 25 is a file
getfile 0000000000000019
getfile 0000000000000019 -> sz 2431
   getattr -> 2431
   unique: 620, success, outsize: 144
unique: 622, opcode: OPEN (14), nodeid: 25, insize: 48, pid: 775
   unique: 622, success, outsize: 32
unique: 624, opcode: GETATTR (3), nodeid: 25, insize: 56, pid: 775
isfile: 25 is a file
getattr 0000000000000019 1
isfile: 25 is a file
getfile 0000000000000019
getfile 0000000000000019 -> sz 2431
   getattr -> 2431
   unique: 624, success, outsize: 120
unique: 626, opcode: READ (15), nodeid: 25, insize: 80, pid: 775
   unique: 626, success, outsize: 2447
unique: 628, opcode: GETATTR (3), nodeid: 25, insize: 56, pid: 775
isfile: 25 is a file
getattr 0000000000000019 1
isfile: 25 is a file
getfile 0000000000000019
getfile 0000000000000019 -> sz 2431
   getattr -> 2431
   unique: 628, success, outsize: 120
unique: 630, opcode: RELEASE (18), nodeid: 25, insize: 64, pid: 0
   unique: 630, success, outsize: 16
unique: 632, opcode: LOOKUP (1), nodeid: 1, insize: 48, pid: 775
isdir: 1 is a dir
   unique: 632, error: -2 (No such file or directory), outsize: 16
unique: 634, opcode: CREATE (35), nodeid: 1, insize: 64, pid: 775
isdir: 1 is a dir
isfile: 29 is a file
getattr 000000000000001d 1
isfile: 29 is a file
getfile 000000000000001d
getfile 000000000000001d -> sz 0
   getattr -> 0
   unique: 634, success, outsize: 160
OK: create returns.
unique: 636, opcode: WRITE (16), nodeid: 29, insize: 4176, pid: 775
write herebyteswritten:94459480032032
4096
0
   unique: 636, success, outsize: 24
write doneunique: 638, opcode: WRITE (16), nodeid: 29, insize: 4176, pid: 775
write herebyteswritten:94459480032032
4096
4096
   unique: 638, success, outsize: 24
write doneunique: 640, opcode: WRITE (16), nodeid: 29, insize: 3984, pid: 775
write herebyteswritten:94459480031840
3904
8192
   unique: 640, success, outsize: 24
write doneunique: 642, opcode: RELEASE (18), nodeid: 29, insize: 64, pid: 0
   unique: 642, success, outsize: 16
unique: 644, opcode: OPENDIR (27), nodeid: 1, insize: 48, pid: 782
   unique: 644, success, outsize: 32
unique: 646, opcode: GETATTR (3), nodeid: 1, insize: 56, pid: 783
isfile: 1 is a dir
getattr 0000000000000001 0
isfile: 1 is a dir
isdir: 1 is a dir
getdir 0000000000000001
   getattr -> 1634892502 1634892502 1634892502
   unique: 646, success, outsize: 120
unique: 648, opcode: GETATTR (3), nodeid: 1, insize: 56, pid: 782
isfile: 1 is a dir
getattr 0000000000000001 0
isfile: 1 is a dir
isdir: 1 is a dir
getdir 0000000000000001
   getattr -> 1634892502 1634892502 1634892502
   unique: 648, success, outsize: 120
unique: 650, opcode: LOOKUP (1), nodeid: 1, insize: 50, pid: 783
isdir: 1 is a dir
   unique: 650, error: -2 (No such file or directory), outsize: 16
unique: 652, opcode: CREATE (35), nodeid: 1, insize: 66, pid: 783
isdir: 1 is a dir
isfile: 30 is a file
getattr 000000000000001e 1
isfile: 30 is a file
getfile 000000000000001e
getfile 000000000000001e -> sz 0
   getattr -> 0
   unique: 652, success, outsize: 160
OK: create returns.
unique: 654, opcode: READDIR (28), nodeid: 1, insize: 80, pid: 782
fuseserver_readdir
isdir: 1 is a dir
   unique: 654, success, outsize: 952
unique: 656, opcode: GETATTR (3), nodeid: 30, insize: 56, pid: 783
isfile: 30 is a file
getattr 000000000000001e 1
isfile: 30 is a file
getfile 000000000000001e
getfile 000000000000001e -> sz 0
   getattr -> 0
   unique: 656, success, outsize: 120
unique: 658, opcode: READDIR (28), nodeid: 1, insize: 80, pid: 782
fuseserver_readdir
isdir: 1 is a dir
   unique: 658, success, outsize: 16
unique: 660, opcode: RELEASEDIR (29), nodeid: 1, insize: 64, pid: 0
   unique: 660, success, outsize: 16
unique: 662, opcode: GETATTR (3), nodeid: 1, insize: 56, pid: 782
isfile: 1 is a dir
getattr 0000000000000001 0
isfile: 1 is a dir
isdir: 1 is a dir
getdir 0000000000000001
   getattr -> 1634892503 1634892503 1634892503
   unique: 662, success, outsize: 120
unique: 664, opcode: LOOKUP (1), nodeid: 1, insize: 48, pid: 782
isdir: 1 is a dir
isfile: 26 is a file
getattr 000000000000001a 1
isfile: 26 is a file
getfile 000000000000001a
getfile 000000000000001a -> sz 10333
   getattr -> 10333
   unique: 664, success, outsize: 144
unique: 666, opcode: GETATTR (3), nodeid: 26, insize: 56, pid: 782
isfile: 26 is a file
getattr 000000000000001a 1
isfile: 26 is a file
getfile 000000000000001a
getfile 000000000000001a -> sz 10333
   getattr -> 10333
   unique: 666, success, outsize: 120
unique: 668, opcode: LOOKUP (1), nodeid: 1, insize: 48, pid: 782
isdir: 1 is a dir
isfile: 26 is a file
getattr 000000000000001a 1
isfile: 26 is a file
getfile 000000000000001a
getfile 000000000000001a -> sz 10333
   getattr -> 10333
   unique: 668, success, outsize: 144
unique: 670, opcode: LOOKUP (1), nodeid: 1, insize: 48, pid: 782
isdir: 1 is a dir
isfile: 27 is a file
getattr 000000000000001b 1
isfile: 27 is a file
getfile 000000000000001b
getfile 000000000000001b -> sz 9490
   getattr -> 9490
   unique: 670, success, outsize: 144
unique: 672, opcode: GETATTR (3), nodeid: 27, insize: 56, pid: 782
isfile: 27 is a file
getattr 000000000000001b 1
isfile: 27 is a file
getfile 000000000000001b
getfile 000000000000001b -> sz 9490
   getattr -> 9490
   unique: 672, success, outsize: 120
unique: 674, opcode: LOOKUP (1), nodeid: 1, insize: 48, pid: 782
isdir: 1 is a dir
isfile: 27 is a file
getattr 000000000000001b 1
isfile: 27 is a file
getfile 000000000000001b
getfile 000000000000001b -> sz 9490
   getattr -> 9490
   unique: 674, success, outsize: 144
unique: 676, opcode: LOOKUP (1), nodeid: 1, insize: 48, pid: 782
isdir: 1 is a dir
isfile: 28 is a file
getattr 000000000000001c 1
isfile: 28 is a file
getfile 000000000000001c
getfile 000000000000001c -> sz 7338
   getattr -> 7338
   unique: 676, success, outsize: 144
unique: 678, opcode: GETATTR (3), nodeid: 28, insize: 56, pid: 782
isfile: 28 is a file
getattr 000000000000001c 1
isfile: 28 is a file
getfile 000000000000001c
getfile 000000000000001c -> sz 7338
   getattr -> 7338
   unique: 678, success, outsize: 120
unique: 680, opcode: LOOKUP (1), nodeid: 1, insize: 48, pid: 782
isdir: 1 is a dir
isfile: 28 is a file
getattr 000000000000001c 1
isfile: 28 is a file
getfile 000000000000001c
getfile 000000000000001c -> sz 7338
   getattr -> 7338
   unique: 680, success, outsize: 144
unique: 682, opcode: LOOKUP (1), nodeid: 1, insize: 48, pid: 782
isdir: 1 is a dir
isfile: 29 is a file
getattr 000000000000001d 1
isfile: 29 is a file
getfile 000000000000001d
getfile 000000000000001d -> sz 12096
   getattr -> 12096
   unique: 682, success, outsize: 144
unique: 684, opcode: GETATTR (3), nodeid: 29, insize: 56, pid: 782
isfile: 29 is a file
getattr 000000000000001d 1
isfile: 29 is a file
getfile 000000000000001d
getfile 000000000000001d -> sz 12096
   getattr -> 12096
   unique: 684, success, outsize: 120
unique: 686, opcode: LOOKUP (1), nodeid: 1, insize: 48, pid: 782
isdir: 1 is a dir
isfile: 29 is a file
getattr 000000000000001d 1
isfile: 29 is a file
getfile 000000000000001d
getfile 000000000000001d -> sz 12096
   getattr -> 12096
   unique: 686, success, outsize: 144
unique: 688, opcode: LOOKUP (1), nodeid: 1, insize: 48, pid: 782
isdir: 1 is a dir
isfile: 26 is a file
getattr 000000000000001a 1
isfile: 26 is a file
getfile 000000000000001a
getfile 000000000000001a -> sz 10333
   getattr -> 10333
   unique: 688, success, outsize: 144
unique: 690, opcode: OPEN (14), nodeid: 26, insize: 48, pid: 782
   unique: 690, success, outsize: 32
unique: 692, opcode: GETATTR (3), nodeid: 26, insize: 56, pid: 782
isfile: 26 is a file
getattr 000000000000001a 1
isfile: 26 is a file
getfile 000000000000001a
getfile 000000000000001a -> sz 10333
   getattr -> 10333
   unique: 692, success, outsize: 120
unique: 694, opcode: LOOKUP (1), nodeid: 1, insize: 48, pid: 782
isdir: 1 is a dir
isfile: 27 is a file
getattr 000000000000001b 1
isfile: 27 is a file
getfile 000000000000001b
getfile 000000000000001b -> sz 9490
   getattr -> 9490
   unique: 694, success, outsize: 144
unique: 696, opcode: GETATTR (3), nodeid: 27, insize: 56, pid: 782
isfile: 27 is a file
getattr 000000000000001b 1
isfile: 27 is a file
getfile 000000000000001b
getfile 000000000000001b -> sz 9490
   getattr -> 9490
   unique: 696, success, outsize: 120
unique: 698, opcode: LOOKUP (1), nodeid: 1, insize: 48, pid: 782
isdir: 1 is a dir
isfile: 28 is a file
getattr 000000000000001c 1
isfile: 28 is a file
getfile 000000000000001c
getfile 000000000000001c -> sz 7338
   getattr -> 7338
   unique: 698, success, outsize: 144
unique: 700, opcode: GETATTR (3), nodeid: 28, insize: 56, pid: 782
isfile: 28 is a file
getattr 000000000000001c 1
isfile: 28 is a file
getfile 000000000000001c
getfile 000000000000001c -> sz 7338
   getattr -> 7338
   unique: 700, success, outsize: 120
unique: 702, opcode: LOOKUP (1), nodeid: 1, insize: 48, pid: 782
isdir: 1 is a dir
isfile: 29 is a file
getattr 000000000000001d 1
isfile: 29 is a file
getfile 000000000000001d
getfile 000000000000001d -> sz 12096
   getattr -> 12096
   unique: 702, success, outsize: 144
unique: 704, opcode: GETATTR (3), nodeid: 29, insize: 56, pid: 782
isfile: 29 is a file
getattr 000000000000001d 1
isfile: 29 is a file
getfile 000000000000001d
getfile 000000000000001d -> sz 12096
   getattr -> 12096
   unique: 704, success, outsize: 120
unique: 706, opcode: GETATTR (3), nodeid: 26, insize: 56, pid: 782
isfile: 26 is a file
getattr 000000000000001a 1
isfile: 26 is a file
getfile 000000000000001a
getfile 000000000000001a -> sz 10333
   getattr -> 10333
   unique: 706, success, outsize: 120
unique: 708, opcode: GETATTR (3), nodeid: 26, insize: 56, pid: 782
isfile: 26 is a file
getattr 000000000000001a 1
isfile: 26 is a file
getfile 000000000000001a
getfile 000000000000001a -> sz 10333
   getattr -> 10333
   unique: 708, success, outsize: 120
unique: 710, opcode: READ (15), nodeid: 26, insize: 80, pid: 782
   unique: 710, success, outsize: 10349
unique: 712, opcode: GETATTR (3), nodeid: 26, insize: 56, pid: 782
isfile: 26 is a file
getattr 000000000000001a 1
isfile: 26 is a file
getfile 000000000000001a
getfile 000000000000001a -> sz 10333
   getattr -> 10333
   unique: 712, success, outsize: 120
unique: 714, opcode: RELEASE (18), nodeid: 26, insize: 64, pid: 0
   unique: 714, success, outsize: 16
unique: 716, opcode: LOOKUP (1), nodeid: 1, insize: 48, pid: 782
isdir: 1 is a dir
isfile: 27 is a file
getattr 000000000000001b 1
isfile: 27 is a file
getfile 000000000000001b
getfile 000000000000001b -> sz 9490
   getattr -> 9490
   unique: 716, success, outsize: 144
unique: 718, opcode: OPEN (14), nodeid: 27, insize: 48, pid: 782
   unique: 718, success, outsize: 32
unique: 720, opcode: GETATTR (3), nodeid: 27, insize: 56, pid: 782
isfile: 27 is a file
getattr 000000000000001b 1
isfile: 27 is a file
getfile 000000000000001b
getfile 000000000000001b -> sz 9490
   getattr -> 9490
   unique: 720, success, outsize: 120
unique: 722, opcode: GETATTR (3), nodeid: 27, insize: 56, pid: 782
isfile: 27 is a file
getattr 000000000000001b 1
isfile: 27 is a file
getfile 000000000000001b
getfile 000000000000001b -> sz 9490
   getattr -> 9490
   unique: 722, success, outsize: 120
unique: 724, opcode: READ (15), nodeid: 27, insize: 80, pid: 782
   unique: 724, success, outsize: 9506
unique: 726, opcode: GETATTR (3), nodeid: 27, insize: 56, pid: 782
isfile: 27 is a file
getattr 000000000000001b 1
isfile: 27 is a file
getfile 000000000000001b
getfile 000000000000001b -> sz 9490
   getattr -> 9490
   unique: 726, success, outsize: 120
unique: 728, opcode: RELEASE (18), nodeid: 27, insize: 64, pid: 0
   unique: 728, success, outsize: 16
unique: 730, opcode: LOOKUP (1), nodeid: 1, insize: 48, pid: 782
isdir: 1 is a dir
isfile: 28 is a file
getattr 000000000000001c 1
isfile: 28 is a file
getfile 000000000000001c
getfile 000000000000001c -> sz 7338
   getattr -> 7338
   unique: 730, success, outsize: 144
unique: 732, opcode: OPEN (14), nodeid: 28, insize: 48, pid: 782
   unique: 732, success, outsize: 32
unique: 734, opcode: GETATTR (3), nodeid: 28, insize: 56, pid: 782
isfile: 28 is a file
getattr 000000000000001c 1
isfile: 28 is a file
getfile 000000000000001c
getfile 000000000000001c -> sz 7338
   getattr -> 7338
   unique: 734, success, outsize: 120
unique: 736, opcode: GETATTR (3), nodeid: 28, insize: 56, pid: 782
isfile: 28 is a file
getattr 000000000000001c 1
isfile: 28 is a file
getfile 000000000000001c
getfile 000000000000001c -> sz 7338
   getattr -> 7338
   unique: 736, success, outsize: 120
unique: 738, opcode: READ (15), nodeid: 28, insize: 80, pid: 782
   unique: 738, success, outsize: 7354
unique: 740, opcode: GETATTR (3), nodeid: 28, insize: 56, pid: 782
isfile: 28 is a file
getattr 000000000000001c 1
isfile: 28 is a file
getfile 000000000000001c
getfile 000000000000001c -> sz 7338
   getattr -> 7338
   unique: 740, success, outsize: 120
unique: 742, opcode: RELEASE (18), nodeid: 28, insize: 64, pid: 0
   unique: 742, success, outsize: 16
unique: 744, opcode: LOOKUP (1), nodeid: 1, insize: 48, pid: 782
isdir: 1 is a dir
isfile: 29 is a file
getattr 000000000000001d 1
isfile: 29 is a file
getfile 000000000000001d
getfile 000000000000001d -> sz 12096
   getattr -> 12096
   unique: 744, success, outsize: 144
unique: 746, opcode: OPEN (14), nodeid: 29, insize: 48, pid: 782
   unique: 746, success, outsize: 32
unique: 748, opcode: GETATTR (3), nodeid: 29, insize: 56, pid: 782
isfile: 29 is a file
getattr 000000000000001d 1
isfile: 29 is a file
getfile 000000000000001d
getfile 000000000000001d -> sz 12096
   getattr -> 12096
   unique: 748, success, outsize: 120
unique: 750, opcode: GETATTR (3), nodeid: 29, insize: 56, pid: 782
isfile: 29 is a file
getattr 000000000000001d 1
isfile: 29 is a file
getfile 000000000000001d
getfile 000000000000001d -> sz 12096
   getattr -> 12096
   unique: 750, success, outsize: 120
unique: 752, opcode: READ (15), nodeid: 29, insize: 80, pid: 782
   unique: 752, success, outsize: 12112
unique: 754, opcode: GETATTR (3), nodeid: 29, insize: 56, pid: 782
isfile: 29 is a file
getattr 000000000000001d 1
isfile: 29 is a file
getfile 000000000000001d
getfile 000000000000001d -> sz 12096
   getattr -> 12096
   unique: 754, success, outsize: 120
unique: 756, opcode: RELEASE (18), nodeid: 29, insize: 64, pid: 0
   unique: 756, success, outsize: 16
unique: 758, opcode: GETATTR (3), nodeid: 30, insize: 56, pid: 783
isfile: 30 is a file
getattr 000000000000001e 1
isfile: 30 is a file
getfile 000000000000001e
getfile 000000000000001e -> sz 0
   getattr -> 0
   unique: 758, success, outsize: 120
unique: 760, opcode: WRITE (16), nodeid: 30, insize: 4176, pid: 783
write herebyteswritten:94459480032032
4096
0
   unique: 760, success, outsize: 24
write doneunique: 762, opcode: WRITE (16), nodeid: 30, insize: 4176, pid: 783
write herebyteswritten:94459480032032
4096
4096
   unique: 762, success, outsize: 24
write doneunique: 764, opcode: WRITE (16), nodeid: 30, insize: 4176, pid: 783
write herebyteswritten:94459480032032
4096
8192
   unique: 764, success, outsize: 24
write doneunique: 766, opcode: WRITE (16), nodeid: 30, insize: 4176, pid: 783
write herebyteswritten:94459480032032
4096
12288
   unique: 766, success, outsize: 24
write doneunique: 768, opcode: WRITE (16), nodeid: 30, insize: 4176, pid: 783
write herebyteswritten:94459480032032
4096
16384
   unique: 768, success, outsize: 24
write doneunique: 770, opcode: WRITE (16), nodeid: 30, insize: 4176, pid: 783
write herebyteswritten:94459480032032
4096
20480
   unique: 770, success, outsize: 24
write doneunique: 772, opcode: WRITE (16), nodeid: 30, insize: 4176, pid: 783
write herebyteswritten:94459480032032
4096
24576
   unique: 772, success, outsize: 24
write doneunique: 774, opcode: WRITE (16), nodeid: 30, insize: 4176, pid: 783
write herebyteswritten:94459480032032
4096
28672
   unique: 774, success, outsize: 24
write doneunique: 776, opcode: WRITE (16), nodeid: 30, insize: 4176, pid: 783
write herebyteswritten:94459480032032
4096
32768
   unique: 776, success, outsize: 24
write doneunique: 778, opcode: WRITE (16), nodeid: 30, insize: 2473, pid: 783
write herebyteswritten:94459480030329
2393
36864
   unique: 778, success, outsize: 24
write doneunique: 780, opcode: RELEASE (18), nodeid: 30, insize: 64, pid: 0
   unique: 780, success, outsize: 16
unique: 782, opcode: OPENDIR (27), nodeid: 1, insize: 48, pid: 784
   unique: 782, success, outsize: 32
unique: 784, opcode: GETATTR (3), nodeid: 1, insize: 56, pid: 785
isfile: 1 is a dir
getattr 0000000000000001 0
isfile: 1 is a dir
isdir: 1 is a dir
getdir 0000000000000001
   getattr -> 1634892503 1634892503 1634892503
   unique: 784, success, outsize: 120
unique: 786, opcode: GETATTR (3), nodeid: 1, insize: 56, pid: 784
isfile: 1 is a dir
getattr 0000000000000001 0
isfile: 1 is a dir
isdir: 1 is a dir
getdir 0000000000000001
   getattr -> 1634892503 1634892503 1634892503
   unique: 786, success, outsize: 120
unique: 788, opcode: READDIR (28), nodeid: 1, insize: 80, pid: 784
fuseserver_readdir
isdir: 1 is a dir
   unique: 788, success, outsize: 952
unique: 790, opcode: READDIR (28), nodeid: 1, insize: 80, pid: 784
fuseserver_readdir
isdir: 1 is a dir
   unique: 790, success, outsize: 16
unique: 792, opcode: RELEASEDIR (29), nodeid: 1, insize: 64, pid: 0
   unique: 792, success, outsize: 16
unique: 794, opcode: GETATTR (3), nodeid: 1, insize: 56, pid: 784
isfile: 1 is a dir
getattr 0000000000000001 0
isfile: 1 is a dir
isdir: 1 is a dir
getdir 0000000000000001
   getattr -> 1634892503 1634892503 1634892503
   unique: 794, success, outsize: 120
unique: 796, opcode: LOOKUP (1), nodeid: 1, insize: 48, pid: 784
isdir: 1 is a dir
isfile: 26 is a file
getattr 000000000000001a 1
isfile: 26 is a file
getfile 000000000000001a
getfile 000000000000001a -> sz 10333
   getattr -> 10333
   unique: 796, success, outsize: 144
unique: 798, opcode: GETATTR (3), nodeid: 26, insize: 56, pid: 784
isfile: 26 is a file
getattr 000000000000001a 1
isfile: 26 is a file
getfile 000000000000001a
getfile 000000000000001a -> sz 10333
   getattr -> 10333
   unique: 798, success, outsize: 120
unique: 800, opcode: LOOKUP (1), nodeid: 1, insize: 48, pid: 784
isdir: 1 is a dir
isfile: 26 is a file
getattr 000000000000001a 1
isfile: 26 is a file
getfile 000000000000001a
getfile 000000000000001a -> sz 10333
   getattr -> 10333
   unique: 800, success, outsize: 144
unique: 802, opcode: LOOKUP (1), nodeid: 1, insize: 48, pid: 784
isdir: 1 is a dir
isfile: 27 is a file
getattr 000000000000001b 1
isfile: 27 is a file
getfile 000000000000001b
getfile 000000000000001b -> sz 9490
   getattr -> 9490
   unique: 802, success, outsize: 144
unique: 804, opcode: GETATTR (3), nodeid: 27, insize: 56, pid: 784
isfile: 27 is a file
getattr 000000000000001b 1
isfile: 27 is a file
getfile 000000000000001b
getfile 000000000000001b -> sz 9490
   getattr -> 9490
   unique: 804, success, outsize: 120
unique: 806, opcode: LOOKUP (1), nodeid: 1, insize: 48, pid: 784
isdir: 1 is a dir
isfile: 27 is a file
getattr 000000000000001b 1
isfile: 27 is a file
getfile 000000000000001b
getfile 000000000000001b -> sz 9490
   getattr -> 9490
   unique: 806, success, outsize: 144
unique: 808, opcode: LOOKUP (1), nodeid: 1, insize: 48, pid: 784
isdir: 1 is a dir
isfile: 28 is a file
getattr 000000000000001c 1
isfile: 28 is a file
getfile 000000000000001c
getfile 000000000000001c -> sz 7338
   getattr -> 7338
   unique: 808, success, outsize: 144
unique: 810, opcode: GETATTR (3), nodeid: 28, insize: 56, pid: 784
isfile: 28 is a file
getattr 000000000000001c 1
isfile: 28 is a file
getfile 000000000000001c
getfile 000000000000001c -> sz 7338
   getattr -> 7338
   unique: 810, success, outsize: 120
unique: 812, opcode: LOOKUP (1), nodeid: 1, insize: 48, pid: 784
isdir: 1 is a dir
isfile: 28 is a file
getattr 000000000000001c 1
isfile: 28 is a file
getfile 000000000000001c
getfile 000000000000001c -> sz 7338
   getattr -> 7338
   unique: 812, success, outsize: 144
unique: 814, opcode: LOOKUP (1), nodeid: 1, insize: 48, pid: 784
isdir: 1 is a dir
isfile: 29 is a file
getattr 000000000000001d 1
isfile: 29 is a file
getfile 000000000000001d
getfile 000000000000001d -> sz 12096
   getattr -> 12096
   unique: 814, success, outsize: 144
unique: 816, opcode: GETATTR (3), nodeid: 29, insize: 56, pid: 784
isfile: 29 is a file
getattr 000000000000001d 1
isfile: 29 is a file
getfile 000000000000001d
getfile 000000000000001d -> sz 12096
   getattr -> 12096
   unique: 816, success, outsize: 120
unique: 818, opcode: LOOKUP (1), nodeid: 1, insize: 48, pid: 784
isdir: 1 is a dir
isfile: 29 is a file
getattr 000000000000001d 1
isfile: 29 is a file
getfile 000000000000001d
getfile 000000000000001d -> sz 12096
   getattr -> 12096
   unique: 818, success, outsize: 144
unique: 820, opcode: LOOKUP (1), nodeid: 1, insize: 48, pid: 784
isdir: 1 is a dir
isfile: 26 is a file
getattr 000000000000001a 1
isfile: 26 is a file
getfile 000000000000001a
getfile 000000000000001a -> sz 10333
   getattr -> 10333
   unique: 820, success, outsize: 144
unique: 822, opcode: OPEN (14), nodeid: 26, insize: 48, pid: 784
   unique: 822, success, outsize: 32
unique: 824, opcode: GETATTR (3), nodeid: 26, insize: 56, pid: 784
isfile: 26 is a file
getattr 000000000000001a 1
isfile: 26 is a file
getfile 000000000000001a
getfile 000000000000001a -> sz 10333
   getattr -> 10333
   unique: 824, success, outsize: 120
unique: 826, opcode: LOOKUP (1), nodeid: 1, insize: 48, pid: 784
isdir: 1 is a dir
isfile: 27 is a file
getattr 000000000000001b 1
isfile: 27 is a file
getfile 000000000000001b
getfile 000000000000001b -> sz 9490
   getattr -> 9490
   unique: 826, success, outsize: 144
unique: 828, opcode: GETATTR (3), nodeid: 27, insize: 56, pid: 784
isfile: 27 is a file
getattr 000000000000001b 1
isfile: 27 is a file
getfile 000000000000001b
getfile 000000000000001b -> sz 9490
   getattr -> 9490
   unique: 828, success, outsize: 120
unique: 830, opcode: LOOKUP (1), nodeid: 1, insize: 48, pid: 784
isdir: 1 is a dir
isfile: 28 is a file
getattr 000000000000001c 1
isfile: 28 is a file
getfile 000000000000001c
getfile 000000000000001c -> sz 7338
   getattr -> 7338
   unique: 830, success, outsize: 144
unique: 832, opcode: GETATTR (3), nodeid: 28, insize: 56, pid: 784
isfile: 28 is a file
getattr 000000000000001c 1
isfile: 28 is a file
getfile 000000000000001c
getfile 000000000000001c -> sz 7338
   getattr -> 7338
   unique: 832, success, outsize: 120
unique: 834, opcode: LOOKUP (1), nodeid: 1, insize: 48, pid: 784
isdir: 1 is a dir
isfile: 29 is a file
getattr 000000000000001d 1
isfile: 29 is a file
getfile 000000000000001d
getfile 000000000000001d -> sz 12096
   getattr -> 12096
   unique: 834, success, outsize: 144
unique: 836, opcode: GETATTR (3), nodeid: 29, insize: 56, pid: 784
isfile: 29 is a file
getattr 000000000000001d 1
isfile: 29 is a file
getfile 000000000000001d
getfile 000000000000001d -> sz 12096
   getattr -> 12096
   unique: 836, success, outsize: 120
unique: 838, opcode: GETATTR (3), nodeid: 26, insize: 56, pid: 784
isfile: 26 is a file
getattr 000000000000001a 1
isfile: 26 is a file
getfile 000000000000001a
getfile 000000000000001a -> sz 10333
   getattr -> 10333
   unique: 838, success, outsize: 120
unique: 840, opcode: GETATTR (3), nodeid: 26, insize: 56, pid: 784
isfile: 26 is a file
getattr 000000000000001a 1
isfile: 26 is a file
getfile 000000000000001a
getfile 000000000000001a -> sz 10333
   getattr -> 10333
   unique: 840, success, outsize: 120
unique: 842, opcode: READ (15), nodeid: 26, insize: 80, pid: 784
   unique: 842, success, outsize: 10349
unique: 844, opcode: GETATTR (3), nodeid: 26, insize: 56, pid: 784
isfile: 26 is a file
getattr 000000000000001a 1
isfile: 26 is a file
getfile 000000000000001a
getfile 000000000000001a -> sz 10333
   getattr -> 10333
   unique: 844, success, outsize: 120
unique: 846, opcode: RELEASE (18), nodeid: 26, insize: 64, pid: 0
   unique: 846, success, outsize: 16
unique: 848, opcode: LOOKUP (1), nodeid: 1, insize: 48, pid: 784
isdir: 1 is a dir
isfile: 27 is a file
getattr 000000000000001b 1
isfile: 27 is a file
getfile 000000000000001b
getfile 000000000000001b -> sz 9490
   getattr -> 9490
   unique: 848, success, outsize: 144
unique: 850, opcode: OPEN (14), nodeid: 27, insize: 48, pid: 784
   unique: 850, success, outsize: 32
unique: 852, opcode: GETATTR (3), nodeid: 27, insize: 56, pid: 784
isfile: 27 is a file
getattr 000000000000001b 1
isfile: 27 is a file
getfile 000000000000001b
getfile 000000000000001b -> sz 9490
   getattr -> 9490
   unique: 852, success, outsize: 120
unique: 854, opcode: GETATTR (3), nodeid: 27, insize: 56, pid: 784
isfile: 27 is a file
getattr 000000000000001b 1
isfile: 27 is a file
getfile 000000000000001b
getfile 000000000000001b -> sz 9490
   getattr -> 9490
   unique: 854, success, outsize: 120
unique: 856, opcode: READ (15), nodeid: 27, insize: 80, pid: 784
   unique: 856, success, outsize: 9506
unique: 858, opcode: GETATTR (3), nodeid: 27, insize: 56, pid: 784
isfile: 27 is a file
getattr 000000000000001b 1
isfile: 27 is a file
getfile 000000000000001b
getfile 000000000000001b -> sz 9490
   getattr -> 9490
   unique: 858, success, outsize: 120
unique: 860, opcode: RELEASE (18), nodeid: 27, insize: 64, pid: 0
   unique: 860, success, outsize: 16
unique: 862, opcode: LOOKUP (1), nodeid: 1, insize: 48, pid: 784
isdir: 1 is a dir
isfile: 28 is a file
getattr 000000000000001c 1
isfile: 28 is a file
getfile 000000000000001c
getfile 000000000000001c -> sz 7338
   getattr -> 7338
   unique: 862, success, outsize: 144
unique: 864, opcode: OPEN (14), nodeid: 28, insize: 48, pid: 784
   unique: 864, success, outsize: 32
unique: 866, opcode: GETATTR (3), nodeid: 28, insize: 56, pid: 784
isfile: 28 is a file
getattr 000000000000001c 1
isfile: 28 is a file
getfile 000000000000001c
getfile 000000000000001c -> sz 7338
   getattr -> 7338
   unique: 866, success, outsize: 120
unique: 868, opcode: GETATTR (3), nodeid: 28, insize: 56, pid: 784
isfile: 28 is a file
getattr 000000000000001c 1
isfile: 28 is a file
getfile 000000000000001c
getfile 000000000000001c -> sz 7338
   getattr -> 7338
   unique: 868, success, outsize: 120
unique: 870, opcode: READ (15), nodeid: 28, insize: 80, pid: 784
   unique: 870, success, outsize: 7354
unique: 872, opcode: GETATTR (3), nodeid: 28, insize: 56, pid: 784
isfile: 28 is a file
getattr 000000000000001c 1
isfile: 28 is a file
getfile 000000000000001c
getfile 000000000000001c -> sz 7338
   getattr -> 7338
   unique: 872, success, outsize: 120
unique: 874, opcode: RELEASE (18), nodeid: 28, insize: 64, pid: 0
   unique: 874, success, outsize: 16
unique: 876, opcode: LOOKUP (1), nodeid: 1, insize: 48, pid: 784
isdir: 1 is a dir
isfile: 29 is a file
getattr 000000000000001d 1
isfile: 29 is a file
getfile 000000000000001d
getfile 000000000000001d -> sz 12096
   getattr -> 12096
   unique: 876, success, outsize: 144
unique: 878, opcode: OPEN (14), nodeid: 29, insize: 48, pid: 784
   unique: 878, success, outsize: 32
unique: 880, opcode: GETATTR (3), nodeid: 29, insize: 56, pid: 784
isfile: 29 is a file
getattr 000000000000001d 1
isfile: 29 is a file
getfile 000000000000001d
getfile 000000000000001d -> sz 12096
   getattr -> 12096
   unique: 880, success, outsize: 120
unique: 882, opcode: GETATTR (3), nodeid: 29, insize: 56, pid: 784
isfile: 29 is a file
getattr 000000000000001d 1
isfile: 29 is a file
getfile 000000000000001d
getfile 000000000000001d -> sz 12096
   getattr -> 12096
   unique: 882, success, outsize: 120
unique: 884, opcode: READ (15), nodeid: 29, insize: 80, pid: 784
   unique: 884, success, outsize: 12112
unique: 886, opcode: GETATTR (3), nodeid: 29, insize: 56, pid: 784
isfile: 29 is a file
getattr 000000000000001d 1
isfile: 29 is a file
getfile 000000000000001d
getfile 000000000000001d -> sz 12096
   getattr -> 12096
   unique: 886, success, outsize: 120
unique: 888, opcode: RELEASE (18), nodeid: 29, insize: 64, pid: 0
   unique: 888, success, outsize: 16
unique: 890, opcode: GETATTR (3), nodeid: 1, insize: 56, pid: 753
isfile: 1 is a dir
getattr 0000000000000001 0
isfile: 1 is a dir
isdir: 1 is a dir
getdir 0000000000000001
   getattr -> 1634892503 1634892503 1634892503
   unique: 890, success, outsize: 120
unique: 892, opcode: GETATTR (3), nodeid: 1, insize: 56, pid: 753
isfile: 1 is a dir
getattr 0000000000000001 0
isfile: 1 is a dir
isdir: 1 is a dir
getdir 0000000000000001
   getattr -> 1634892503 1634892503 1634892503
   unique: 892, success, outsize: 120
unique: 894, opcode: GETATTR (3), nodeid: 1, insize: 56, pid: 787
isfile: 1 is a dir
getattr 0000000000000001 0
isfile: 1 is a dir
isdir: 1 is a dir
getdir 0000000000000001
   getattr -> 1634892503 1634892503 1634892503
   unique: 894, success, outsize: 120
unique: 896, opcode: GETATTR (3), nodeid: 1, insize: 56, pid: 787
isfile: 1 is a dir
getattr 0000000000000001 0
isfile: 1 is a dir
isdir: 1 is a dir
getdir 0000000000000001
   getattr -> 1634892503 1634892503 1634892503
   unique: 896, success, outsize: 120
unique: 898, opcode: GETATTR (3), nodeid: 1, insize: 56, pid: 753
isfile: 1 is a dir
getattr 0000000000000001 0
isfile: 1 is a dir
isdir: 1 is a dir
getdir 0000000000000001
   getattr -> 1634892503 1634892503 1634892503
   unique: 898, success, outsize: 120
unique: 900, opcode: RELEASEDIR (29), nodeid: 1, insize: 64, pid: 0
   unique: 900, success, outsize: 16
unique: 902, opcode: RELEASEDIR (29), nodeid: 1, insize: 64, pid: 0
   unique: 902, success, outsize: 16
unique: 904, opcode: RELEASEDIR (29), nodeid: 1, insize: 64, pid: 0
   unique: 904, success, outsize: 16
unique: 906, opcode: RELEASEDIR (29), nodeid: 1, insize: 64, pid: 0
   unique: 906, success, outsize: 16
unique: 908, opcode: GETATTR (3), nodeid: 1, insize: 56, pid: 753
isfile: 1 is a dir
getattr 0000000000000001 0
isfile: 1 is a dir
isdir: 1 is a dir
getdir 0000000000000001
   getattr -> 1634892503 1634892503 1634892503
   unique: 908, success, outsize: 120
unique: 910, opcode: OPENDIR (27), nodeid: 1, insize: 48, pid: 793
   unique: 910, success, outsize: 32
unique: 912, opcode: RELEASEDIR (29), nodeid: 1, insize: 64, pid: 0
   unique: 912, success, outsize: 16
unique: 914, opcode: GETATTR (3), nodeid: 1, insize: 56, pid: 753
isfile: 1 is a dir
getattr 0000000000000001 0
isfile: 1 is a dir
isdir: 1 is a dir
getdir 0000000000000001
   getattr -> 1634892503 1634892503 1634892503
   unique: 914, success, outsize: 120
unique: 916, opcode: LOOKUP (1), nodeid: 1, insize: 50, pid: 802
isdir: 1 is a dir
isfile: 30 is a file
getattr 000000000000001e 1
isfile: 30 is a file
getfile 000000000000001e
getfile 000000000000001e -> sz 39257
   getattr -> 39257
   unique: 916, success, outsize: 144
unique: 918, opcode: OPEN (14), nodeid: 30, insize: 48, pid: 802
   unique: 918, success, outsize: 32
unique: 920, opcode: GETATTR (3), nodeid: 30, insize: 56, pid: 802
isfile: 30 is a file
getattr 000000000000001e 1
isfile: 30 is a file
getfile 000000000000001e
getfile 000000000000001e -> sz 39257
   getattr -> 39257
   unique: 920, success, outsize: 120
unique: 922, opcode: READ (15), nodeid: 30, insize: 80, pid: 802
   unique: 922, success, outsize: 16400
unique: 924, opcode: READ (15), nodeid: 30, insize: 80, pid: 802
   unique: 924, success, outsize: 22889
unique: 926, opcode: GETATTR (3), nodeid: 30, insize: 56, pid: 802
isfile: 30 is a file
getattr 000000000000001e 1
isfile: 30 is a file
getfile 000000000000001e
getfile 000000000000001e -> sz 39257
   getattr -> 39257
   unique: 926, success, outsize: 120
unique: 928, opcode: GETATTR (3), nodeid: 30, insize: 56, pid: 802
isfile: 30 is a file
getattr 000000000000001e 1
isfile: 30 is a file
getfile 000000000000001e
getfile 000000000000001e -> sz 39257
   getattr -> 39257
   unique: 928, success, outsize: 120
unique: 930, opcode: RELEASE (18), nodeid: 30, insize: 64, pid: 0
   unique: 930, success, outsize: 16
